Performing C SOURCE FILE Test CMAKE_HAVE_LIBC_PTHREAD failed with the following output:
Change Dir: /home/t2k/aspeers/Highland_Installs/HighLAND_2.89/ROOT_5.34.34.00/Linux-CentOS_7-gcc_4.8-x86_64/tmp_build/CMakeFiles/CMakeTmp

Run Build Command(s):/home/t2k/aspeers/Highland_Installs/HighLAND_2.89/nd280SoftwarePilot/scripts/gmake cmTC_36fb0/fast && gmake[3]: Entering directory `/home/t2k/aspeers/Highland_Installs/HighLAND_2.89/ROOT_5.34.34.00/Linux-CentOS_7-gcc_4.8-x86_64/tmp_build/CMakeFiles/CMakeTmp'
/home/t2k/aspeers/Highland_Installs/HighLAND_2.89/nd280SoftwarePilot/scripts/gmake  -f CMakeFiles/cmTC_36fb0.dir/build.make CMakeFiles/cmTC_36fb0.dir/build
gmake[4]: Entering directory `/home/t2k/aspeers/Highland_Installs/HighLAND_2.89/ROOT_5.34.34.00/Linux-CentOS_7-gcc_4.8-x86_64/tmp_build/CMakeFiles/CMakeTmp'
Building C object CMakeFiles/cmTC_36fb0.dir/src.c.o
/home/t2k/aspeers/Highland_Installs/HighLAND_2.89/nd280SoftwarePilot/scripts/cc   -DCMAKE_HAVE_LIBC_PTHREAD   -o CMakeFiles/cmTC_36fb0.dir/src.c.o   -c /home/t2k/aspeers/Highland_Installs/HighLAND_2.89/ROOT_5.34.34.00/Linux-CentOS_7-gcc_4.8-x86_64/tmp_build/CMakeFiles/CMakeTmp/src.c
Linking C executable cmTC_36fb0
/usr/bin/cmake3 -E cmake_link_script CMakeFiles/cmTC_36fb0.dir/link.txt --verbose=1
/home/t2k/aspeers/Highland_Installs/HighLAND_2.89/nd280SoftwarePilot/scripts/cc  -DCMAKE_HAVE_LIBC_PTHREAD    -rdynamic CMakeFiles/cmTC_36fb0.dir/src.c.o  -o cmTC_36fb0 
CMakeFiles/cmTC_36fb0.dir/src.c.o: In function `main':
src.c:(.text+0x2d): undefined reference to `pthread_create'
src.c:(.text+0x39): undefined reference to `pthread_detach'
src.c:(.text+0x45): undefined reference to `pthread_cancel'
src.c:(.text+0x56): undefined reference to `pthread_join'
src.c:(.text+0x6a): undefined reference to `pthread_atfork'
collect2: error: ld returned 1 exit status
gmake[4]: *** [cmTC_36fb0] Error 1
gmake[4]: Leaving directory `/home/t2k/aspeers/Highland_Installs/HighLAND_2.89/ROOT_5.34.34.00/Linux-CentOS_7-gcc_4.8-x86_64/tmp_build/CMakeFiles/CMakeTmp'
gmake[3]: *** [cmTC_36fb0/fast] Error 2
gmake[3]: Leaving directory `/home/t2k/aspeers/Highland_Installs/HighLAND_2.89/ROOT_5.34.34.00/Linux-CentOS_7-gcc_4.8-x86_64/tmp_build/CMakeFiles/CMakeTmp'


Source file was:
#include <pthread.h>

void* test_func(void* data)
{
  return data;
}

int main(void)
{
  pthread_t thread;
  pthread_create(&thread, NULL, test_func, NULL);
  pthread_detach(thread);
  pthread_cancel(thread);
  pthread_join(thread, NULL);
  pthread_atfork(NULL, NULL, NULL);
  pthread_exit(NULL);

  return 0;
}

Determining if the function pthread_create exists in the pthreads failed with the following output:
Change Dir: /home/t2k/aspeers/Highland_Installs/HighLAND_2.89/ROOT_5.34.34.00/Linux-CentOS_7-gcc_4.8-x86_64/tmp_build/CMakeFiles/CMakeTmp

Run Build Command(s):/home/t2k/aspeers/Highland_Installs/HighLAND_2.89/nd280SoftwarePilot/scripts/gmake cmTC_34b5c/fast && gmake[3]: Entering directory `/home/t2k/aspeers/Highland_Installs/HighLAND_2.89/ROOT_5.34.34.00/Linux-CentOS_7-gcc_4.8-x86_64/tmp_build/CMakeFiles/CMakeTmp'
/home/t2k/aspeers/Highland_Installs/HighLAND_2.89/nd280SoftwarePilot/scripts/gmake  -f CMakeFiles/cmTC_34b5c.dir/build.make CMakeFiles/cmTC_34b5c.dir/build
gmake[4]: Entering directory `/home/t2k/aspeers/Highland_Installs/HighLAND_2.89/ROOT_5.34.34.00/Linux-CentOS_7-gcc_4.8-x86_64/tmp_build/CMakeFiles/CMakeTmp'
Building C object CMakeFiles/cmTC_34b5c.dir/CheckFunctionExists.c.o
/home/t2k/aspeers/Highland_Installs/HighLAND_2.89/nd280SoftwarePilot/scripts/cc   -DCHECK_FUNCTION_EXISTS=pthread_create   -o CMakeFiles/cmTC_34b5c.dir/CheckFunctionExists.c.o   -c /usr/share/cmake3/Modules/CheckFunctionExists.c
Linking C executable cmTC_34b5c
/usr/bin/cmake3 -E cmake_link_script CMakeFiles/cmTC_34b5c.dir/link.txt --verbose=1
/home/t2k/aspeers/Highland_Installs/HighLAND_2.89/nd280SoftwarePilot/scripts/cc  -DCHECK_FUNCTION_EXISTS=pthread_create    -rdynamic CMakeFiles/cmTC_34b5c.dir/CheckFunctionExists.c.o  -o cmTC_34b5c  -lpthreads 
/usr/bin/ld: cannot find -lpthreads
collect2: error: ld returned 1 exit status
gmake[4]: *** [cmTC_34b5c] Error 1
gmake[4]: Leaving directory `/home/t2k/aspeers/Highland_Installs/HighLAND_2.89/ROOT_5.34.34.00/Linux-CentOS_7-gcc_4.8-x86_64/tmp_build/CMakeFiles/CMakeTmp'
gmake[3]: *** [cmTC_34b5c/fast] Error 2
gmake[3]: Leaving directory `/home/t2k/aspeers/Highland_Installs/HighLAND_2.89/ROOT_5.34.34.00/Linux-CentOS_7-gcc_4.8-x86_64/tmp_build/CMakeFiles/CMakeTmp'



