The system is: Linux - 3.10.0-1160.83.1.el7.x86_64 - x86_64
Compiling the C compiler identification source file "CMakeCCompilerId.c" succeeded.
Compiler: /home/t2k/aspeers/Highland_Installs/HighLAND_2.89/nd280SoftwarePilot/scripts/cc 
Build flags: 
Id flags:  

The output was:
0


Compilation of the C compiler identification source "CMakeCCompilerId.c" produced "a.out"

The C compiler identification is GNU, found in "/home/t2k/aspeers/Highland_Installs/HighLAND_2.89/ROOT_5.34.34.00/Linux-CentOS_7-gcc_4.8-x86_64/tmp_build/CMakeFiles/3.17.5/CompilerIdC/a.out"

Compiling the CXX compiler identification source file "CMakeCXXCompilerId.cpp" succeeded.
Compiler: /home/t2k/aspeers/Highland_Installs/HighLAND_2.89/nd280SoftwarePilot/scripts/c++ 
Build flags: 
Id flags:  

The output was:
0


Compilation of the CXX compiler identification source "CMakeCXXCompilerId.cpp" produced "a.out"

The CXX compiler identification is GNU, found in "/home/t2k/aspeers/Highland_Installs/HighLAND_2.89/ROOT_5.34.34.00/Linux-CentOS_7-gcc_4.8-x86_64/tmp_build/CMakeFiles/3.17.5/CompilerIdCXX/a.out"

Determining if the C compiler works passed with the following output:
Change Dir: /home/t2k/aspeers/Highland_Installs/HighLAND_2.89/ROOT_5.34.34.00/Linux-CentOS_7-gcc_4.8-x86_64/tmp_build/CMakeFiles/CMakeTmp

Run Build Command(s):/home/t2k/aspeers/Highland_Installs/HighLAND_2.89/nd280SoftwarePilot/scripts/gmake cmTC_adecd/fast && gmake[3]: Entering directory `/home/t2k/aspeers/Highland_Installs/HighLAND_2.89/ROOT_5.34.34.00/Linux-CentOS_7-gcc_4.8-x86_64/tmp_build/CMakeFiles/CMakeTmp'
/home/t2k/aspeers/Highland_Installs/HighLAND_2.89/nd280SoftwarePilot/scripts/gmake  -f CMakeFiles/cmTC_adecd.dir/build.make CMakeFiles/cmTC_adecd.dir/build
gmake[4]: Entering directory `/home/t2k/aspeers/Highland_Installs/HighLAND_2.89/ROOT_5.34.34.00/Linux-CentOS_7-gcc_4.8-x86_64/tmp_build/CMakeFiles/CMakeTmp'
Building C object CMakeFiles/cmTC_adecd.dir/testCCompiler.c.o
/home/t2k/aspeers/Highland_Installs/HighLAND_2.89/nd280SoftwarePilot/scripts/cc    -o CMakeFiles/cmTC_adecd.dir/testCCompiler.c.o   -c /home/t2k/aspeers/Highland_Installs/HighLAND_2.89/ROOT_5.34.34.00/Linux-CentOS_7-gcc_4.8-x86_64/tmp_build/CMakeFiles/CMakeTmp/testCCompiler.c
Linking C executable cmTC_adecd
/usr/bin/cmake3 -E cmake_link_script CMakeFiles/cmTC_adecd.dir/link.txt --verbose=1
/home/t2k/aspeers/Highland_Installs/HighLAND_2.89/nd280SoftwarePilot/scripts/cc      -rdynamic CMakeFiles/cmTC_adecd.dir/testCCompiler.c.o  -o cmTC_adecd 
gmake[4]: Leaving directory `/home/t2k/aspeers/Highland_Installs/HighLAND_2.89/ROOT_5.34.34.00/Linux-CentOS_7-gcc_4.8-x86_64/tmp_build/CMakeFiles/CMakeTmp'
gmake[3]: Leaving directory `/home/t2k/aspeers/Highland_Installs/HighLAND_2.89/ROOT_5.34.34.00/Linux-CentOS_7-gcc_4.8-x86_64/tmp_build/CMakeFiles/CMakeTmp'



Detecting C compiler ABI info compiled with the following output:
Change Dir: /home/t2k/aspeers/Highland_Installs/HighLAND_2.89/ROOT_5.34.34.00/Linux-CentOS_7-gcc_4.8-x86_64/tmp_build/CMakeFiles/CMakeTmp

Run Build Command(s):/home/t2k/aspeers/Highland_Installs/HighLAND_2.89/nd280SoftwarePilot/scripts/gmake cmTC_6dbc6/fast && gmake[3]: Entering directory `/home/t2k/aspeers/Highland_Installs/HighLAND_2.89/ROOT_5.34.34.00/Linux-CentOS_7-gcc_4.8-x86_64/tmp_build/CMakeFiles/CMakeTmp'
/home/t2k/aspeers/Highland_Installs/HighLAND_2.89/nd280SoftwarePilot/scripts/gmake  -f CMakeFiles/cmTC_6dbc6.dir/build.make CMakeFiles/cmTC_6dbc6.dir/build
gmake[4]: Entering directory `/home/t2k/aspeers/Highland_Installs/HighLAND_2.89/ROOT_5.34.34.00/Linux-CentOS_7-gcc_4.8-x86_64/tmp_build/CMakeFiles/CMakeTmp'
Building C object CMakeFiles/cmTC_6dbc6.dir/CMakeCCompilerABI.c.o
/home/t2k/aspeers/Highland_Installs/HighLAND_2.89/nd280SoftwarePilot/scripts/cc   -v -o CMakeFiles/cmTC_6dbc6.dir/CMakeCCompilerABI.c.o   -c /usr/share/cmake3/Modules/CMakeCCompilerABI.c
Using built-in specs.
COLLECT_GCC=/home/t2k/aspeers/Highland_Installs/HighLAND_2.89/nd280SoftwarePilot/scripts/cc
Target: x86_64-redhat-linux
Configured with: ../configure --prefix=/usr --mandir=/usr/share/man --infodir=/usr/share/info --with-bugurl=http://bugzilla.redhat.com/bugzilla --enable-bootstrap --enable-shared --enable-threads=posix --enable-checking=release --with-system-zlib --enable-__cxa_atexit --disable-libunwind-exceptions --enable-gnu-unique-object --enable-linker-build-id --with-linker-hash-style=gnu --enable-languages=c,c++,objc,obj-c++,java,fortran,ada,go,lto --enable-plugin --enable-initfini-array --disable-libgcj --with-isl=/builddir/build/BUILD/gcc-4.8.5-20150702/obj-x86_64-redhat-linux/isl-install --with-cloog=/builddir/build/BUILD/gcc-4.8.5-20150702/obj-x86_64-redhat-linux/cloog-install --enable-gnu-indirect-function --with-tune=generic --with-arch_32=x86-64 --build=x86_64-redhat-linux
Thread model: posix
gcc version 4.8.5 20150623 (Red Hat 4.8.5-44) (GCC) 
COLLECT_GCC_OPTIONS='-v' '-o' 'CMakeFiles/cmTC_6dbc6.dir/CMakeCCompilerABI.c.o' '-c' '-mtune=generic' '-march=x86-64'
 /usr/libexec/gcc/x86_64-redhat-linux/4.8.5/cc1 -quiet -v /usr/share/cmake3/Modules/CMakeCCompilerABI.c -quiet -dumpbase CMakeCCompilerABI.c -mtune=generic -march=x86-64 -auxbase-strip CMakeFiles/cmTC_6dbc6.dir/CMakeCCompilerABI.c.o -version -o /tmp/cc5o8b4N.s
GNU C (GCC) version 4.8.5 20150623 (Red Hat 4.8.5-44) (x86_64-redhat-linux)
	compiled by GNU C version 4.8.5 20150623 (Red Hat 4.8.5-44), GMP version 6.0.0, MPFR version 3.1.1, MPC version 1.0.1
GGC heuristics: --param ggc-min-expand=100 --param ggc-min-heapsize=131072
ignoring nonexistent directory "/usr/lib/gcc/x86_64-redhat-linux/4.8.5/include-fixed"
ignoring nonexistent directory "/usr/lib/gcc/x86_64-redhat-linux/4.8.5/../../../../x86_64-redhat-linux/include"
#include "..." search starts here:
#include <...> search starts here:
 /usr/lib/gcc/x86_64-redhat-linux/4.8.5/include
 /usr/local/include
 /usr/include
End of search list.
GNU C (GCC) version 4.8.5 20150623 (Red Hat 4.8.5-44) (x86_64-redhat-linux)
	compiled by GNU C version 4.8.5 20150623 (Red Hat 4.8.5-44), GMP version 6.0.0, MPFR version 3.1.1, MPC version 1.0.1
GGC heuristics: --param ggc-min-expand=100 --param ggc-min-heapsize=131072
Compiler executable checksum: 231b3394950636dbfe0428e88716bc73
COLLECT_GCC_OPTIONS='-v' '-o' 'CMakeFiles/cmTC_6dbc6.dir/CMakeCCompilerABI.c.o' '-c' '-mtune=generic' '-march=x86-64'
 as -v --64 -o CMakeFiles/cmTC_6dbc6.dir/CMakeCCompilerABI.c.o /tmp/cc5o8b4N.s
GNU assembler version 2.27 (x86_64-redhat-linux) using BFD version version 2.27-44.base.el7_9.1
COMPILER_PATH=/usr/libexec/gcc/x86_64-redhat-linux/4.8.5/:/usr/libexec/gcc/x86_64-redhat-linux/4.8.5/:/usr/libexec/gcc/x86_64-redhat-linux/:/usr/lib/gcc/x86_64-redhat-linux/4.8.5/:/usr/lib/gcc/x86_64-redhat-linux/
LIBRARY_PATH=/usr/lib/gcc/x86_64-redhat-linux/4.8.5/:/usr/lib/gcc/x86_64-redhat-linux/4.8.5/../../../../lib64/:/lib/../lib64/:/usr/lib/../lib64/:/usr/lib/gcc/x86_64-redhat-linux/4.8.5/../../../:/lib/:/usr/lib/
COLLECT_GCC_OPTIONS='-v' '-o' 'CMakeFiles/cmTC_6dbc6.dir/CMakeCCompilerABI.c.o' '-c' '-mtune=generic' '-march=x86-64'
Linking C executable cmTC_6dbc6
/usr/bin/cmake3 -E cmake_link_script CMakeFiles/cmTC_6dbc6.dir/link.txt --verbose=1
/home/t2k/aspeers/Highland_Installs/HighLAND_2.89/nd280SoftwarePilot/scripts/cc     -v -rdynamic CMakeFiles/cmTC_6dbc6.dir/CMakeCCompilerABI.c.o  -o cmTC_6dbc6 
Using built-in specs.
COLLECT_GCC=/home/t2k/aspeers/Highland_Installs/HighLAND_2.89/nd280SoftwarePilot/scripts/cc
COLLECT_LTO_WRAPPER=/usr/libexec/gcc/x86_64-redhat-linux/4.8.5/lto-wrapper
Target: x86_64-redhat-linux
Configured with: ../configure --prefix=/usr --mandir=/usr/share/man --infodir=/usr/share/info --with-bugurl=http://bugzilla.redhat.com/bugzilla --enable-bootstrap --enable-shared --enable-threads=posix --enable-checking=release --with-system-zlib --enable-__cxa_atexit --disable-libunwind-exceptions --enable-gnu-unique-object --enable-linker-build-id --with-linker-hash-style=gnu --enable-languages=c,c++,objc,obj-c++,java,fortran,ada,go,lto --enable-plugin --enable-initfini-array --disable-libgcj --with-isl=/builddir/build/BUILD/gcc-4.8.5-20150702/obj-x86_64-redhat-linux/isl-install --with-cloog=/builddir/build/BUILD/gcc-4.8.5-20150702/obj-x86_64-redhat-linux/cloog-install --enable-gnu-indirect-function --with-tune=generic --with-arch_32=x86-64 --build=x86_64-redhat-linux
Thread model: posix
gcc version 4.8.5 20150623 (Red Hat 4.8.5-44) (GCC) 
COMPILER_PATH=/usr/libexec/gcc/x86_64-redhat-linux/4.8.5/:/usr/libexec/gcc/x86_64-redhat-linux/4.8.5/:/usr/libexec/gcc/x86_64-redhat-linux/:/usr/lib/gcc/x86_64-redhat-linux/4.8.5/:/usr/lib/gcc/x86_64-redhat-linux/
LIBRARY_PATH=/usr/lib/gcc/x86_64-redhat-linux/4.8.5/:/usr/lib/gcc/x86_64-redhat-linux/4.8.5/../../../../lib64/:/lib/../lib64/:/usr/lib/../lib64/:/usr/lib/gcc/x86_64-redhat-linux/4.8.5/../../../:/lib/:/usr/lib/
COLLECT_GCC_OPTIONS='-v' '-rdynamic' '-o' 'cmTC_6dbc6' '-mtune=generic' '-march=x86-64'
 /usr/libexec/gcc/x86_64-redhat-linux/4.8.5/collect2 --build-id --no-add-needed --eh-frame-hdr --hash-style=gnu -m elf_x86_64 -export-dynamic -dynamic-linker /lib64/ld-linux-x86-64.so.2 -o cmTC_6dbc6 /usr/lib/gcc/x86_64-redhat-linux/4.8.5/../../../../lib64/crt1.o /usr/lib/gcc/x86_64-redhat-linux/4.8.5/../../../../lib64/crti.o /usr/lib/gcc/x86_64-redhat-linux/4.8.5/crtbegin.o -L/usr/lib/gcc/x86_64-redhat-linux/4.8.5 -L/usr/lib/gcc/x86_64-redhat-linux/4.8.5/../../../../lib64 -L/lib/../lib64 -L/usr/lib/../lib64 -L/usr/lib/gcc/x86_64-redhat-linux/4.8.5/../../.. CMakeFiles/cmTC_6dbc6.dir/CMakeCCompilerABI.c.o -lgcc --as-needed -lgcc_s --no-as-needed -lc -lgcc --as-needed -lgcc_s --no-as-needed /usr/lib/gcc/x86_64-redhat-linux/4.8.5/crtend.o /usr/lib/gcc/x86_64-redhat-linux/4.8.5/../../../../lib64/crtn.o
gmake[4]: Leaving directory `/home/t2k/aspeers/Highland_Installs/HighLAND_2.89/ROOT_5.34.34.00/Linux-CentOS_7-gcc_4.8-x86_64/tmp_build/CMakeFiles/CMakeTmp'
gmake[3]: Leaving directory `/home/t2k/aspeers/Highland_Installs/HighLAND_2.89/ROOT_5.34.34.00/Linux-CentOS_7-gcc_4.8-x86_64/tmp_build/CMakeFiles/CMakeTmp'



Parsed C implicit include dir info from above output: rv=done
  found start of include info
  found start of implicit include info
    add: [/usr/lib/gcc/x86_64-redhat-linux/4.8.5/include]
    add: [/usr/local/include]
    add: [/usr/include]
  end of search list found
  collapse include dir [/usr/lib/gcc/x86_64-redhat-linux/4.8.5/include] ==> [/usr/lib/gcc/x86_64-redhat-linux/4.8.5/include]
  collapse include dir [/usr/local/include] ==> [/usr/local/include]
  collapse include dir [/usr/include] ==> [/usr/include]
  implicit include dirs: [/usr/lib/gcc/x86_64-redhat-linux/4.8.5/include;/usr/local/include;/usr/include]


Parsed C implicit link information from above output:
  link line regex: [^( *|.*[/\])(ld|CMAKE_LINK_STARTFILE-NOTFOUND|([^/\]+-)?ld|collect2)[^/\]*( |$)]
  ignore line: [Change Dir: /home/t2k/aspeers/Highland_Installs/HighLAND_2.89/ROOT_5.34.34.00/Linux-CentOS_7-gcc_4.8-x86_64/tmp_build/CMakeFiles/CMakeTmp]
  ignore line: []
  ignore line: [Run Build Command(s):/home/t2k/aspeers/Highland_Installs/HighLAND_2.89/nd280SoftwarePilot/scripts/gmake cmTC_6dbc6/fast && gmake[3]: Entering directory `/home/t2k/aspeers/Highland_Installs/HighLAND_2.89/ROOT_5.34.34.00/Linux-CentOS_7-gcc_4.8-x86_64/tmp_build/CMakeFiles/CMakeTmp']
  ignore line: [/home/t2k/aspeers/Highland_Installs/HighLAND_2.89/nd280SoftwarePilot/scripts/gmake  -f CMakeFiles/cmTC_6dbc6.dir/build.make CMakeFiles/cmTC_6dbc6.dir/build]
  ignore line: [gmake[4]: Entering directory `/home/t2k/aspeers/Highland_Installs/HighLAND_2.89/ROOT_5.34.34.00/Linux-CentOS_7-gcc_4.8-x86_64/tmp_build/CMakeFiles/CMakeTmp']
  ignore line: [Building C object CMakeFiles/cmTC_6dbc6.dir/CMakeCCompilerABI.c.o]
  ignore line: [/home/t2k/aspeers/Highland_Installs/HighLAND_2.89/nd280SoftwarePilot/scripts/cc   -v -o CMakeFiles/cmTC_6dbc6.dir/CMakeCCompilerABI.c.o   -c /usr/share/cmake3/Modules/CMakeCCompilerABI.c]
  ignore line: [Using built-in specs.]
  ignore line: [COLLECT_GCC=/home/t2k/aspeers/Highland_Installs/HighLAND_2.89/nd280SoftwarePilot/scripts/cc]
  ignore line: [Target: x86_64-redhat-linux]
  ignore line: [Configured with: ../configure --prefix=/usr --mandir=/usr/share/man --infodir=/usr/share/info --with-bugurl=http://bugzilla.redhat.com/bugzilla --enable-bootstrap --enable-shared --enable-threads=posix --enable-checking=release --with-system-zlib --enable-__cxa_atexit --disable-libunwind-exceptions --enable-gnu-unique-object --enable-linker-build-id --with-linker-hash-style=gnu --enable-languages=c c++ objc obj-c++ java fortran ada go lto --enable-plugin --enable-initfini-array --disable-libgcj --with-isl=/builddir/build/BUILD/gcc-4.8.5-20150702/obj-x86_64-redhat-linux/isl-install --with-cloog=/builddir/build/BUILD/gcc-4.8.5-20150702/obj-x86_64-redhat-linux/cloog-install --enable-gnu-indirect-function --with-tune=generic --with-arch_32=x86-64 --build=x86_64-redhat-linux]
  ignore line: [Thread model: posix]
  ignore line: [gcc version 4.8.5 20150623 (Red Hat 4.8.5-44) (GCC) ]
  ignore line: [COLLECT_GCC_OPTIONS='-v' '-o' 'CMakeFiles/cmTC_6dbc6.dir/CMakeCCompilerABI.c.o' '-c' '-mtune=generic' '-march=x86-64']
  ignore line: [ /usr/libexec/gcc/x86_64-redhat-linux/4.8.5/cc1 -quiet -v /usr/share/cmake3/Modules/CMakeCCompilerABI.c -quiet -dumpbase CMakeCCompilerABI.c -mtune=generic -march=x86-64 -auxbase-strip CMakeFiles/cmTC_6dbc6.dir/CMakeCCompilerABI.c.o -version -o /tmp/cc5o8b4N.s]
  ignore line: [GNU C (GCC) version 4.8.5 20150623 (Red Hat 4.8.5-44) (x86_64-redhat-linux)]
  ignore line: [	compiled by GNU C version 4.8.5 20150623 (Red Hat 4.8.5-44)  GMP version 6.0.0  MPFR version 3.1.1  MPC version 1.0.1]
  ignore line: [GGC heuristics: --param ggc-min-expand=100 --param ggc-min-heapsize=131072]
  ignore line: [ignoring nonexistent directory "/usr/lib/gcc/x86_64-redhat-linux/4.8.5/include-fixed"]
  ignore line: [ignoring nonexistent directory "/usr/lib/gcc/x86_64-redhat-linux/4.8.5/../../../../x86_64-redhat-linux/include"]
  ignore line: [#include "..." search starts here:]
  ignore line: [#include <...> search starts here:]
  ignore line: [ /usr/lib/gcc/x86_64-redhat-linux/4.8.5/include]
  ignore line: [ /usr/local/include]
  ignore line: [ /usr/include]
  ignore line: [End of search list.]
  ignore line: [GNU C (GCC) version 4.8.5 20150623 (Red Hat 4.8.5-44) (x86_64-redhat-linux)]
  ignore line: [	compiled by GNU C version 4.8.5 20150623 (Red Hat 4.8.5-44)  GMP version 6.0.0  MPFR version 3.1.1  MPC version 1.0.1]
  ignore line: [GGC heuristics: --param ggc-min-expand=100 --param ggc-min-heapsize=131072]
  ignore line: [Compiler executable checksum: 231b3394950636dbfe0428e88716bc73]
  ignore line: [COLLECT_GCC_OPTIONS='-v' '-o' 'CMakeFiles/cmTC_6dbc6.dir/CMakeCCompilerABI.c.o' '-c' '-mtune=generic' '-march=x86-64']
  ignore line: [ as -v --64 -o CMakeFiles/cmTC_6dbc6.dir/CMakeCCompilerABI.c.o /tmp/cc5o8b4N.s]
  ignore line: [GNU assembler version 2.27 (x86_64-redhat-linux) using BFD version version 2.27-44.base.el7_9.1]
  ignore line: [COMPILER_PATH=/usr/libexec/gcc/x86_64-redhat-linux/4.8.5/:/usr/libexec/gcc/x86_64-redhat-linux/4.8.5/:/usr/libexec/gcc/x86_64-redhat-linux/:/usr/lib/gcc/x86_64-redhat-linux/4.8.5/:/usr/lib/gcc/x86_64-redhat-linux/]
  ignore line: [LIBRARY_PATH=/usr/lib/gcc/x86_64-redhat-linux/4.8.5/:/usr/lib/gcc/x86_64-redhat-linux/4.8.5/../../../../lib64/:/lib/../lib64/:/usr/lib/../lib64/:/usr/lib/gcc/x86_64-redhat-linux/4.8.5/../../../:/lib/:/usr/lib/]
  ignore line: [COLLECT_GCC_OPTIONS='-v' '-o' 'CMakeFiles/cmTC_6dbc6.dir/CMakeCCompilerABI.c.o' '-c' '-mtune=generic' '-march=x86-64']
  ignore line: [Linking C executable cmTC_6dbc6]
  ignore line: [/usr/bin/cmake3 -E cmake_link_script CMakeFiles/cmTC_6dbc6.dir/link.txt --verbose=1]
  ignore line: [/home/t2k/aspeers/Highland_Installs/HighLAND_2.89/nd280SoftwarePilot/scripts/cc     -v -rdynamic CMakeFiles/cmTC_6dbc6.dir/CMakeCCompilerABI.c.o  -o cmTC_6dbc6 ]
  ignore line: [Using built-in specs.]
  ignore line: [COLLECT_GCC=/home/t2k/aspeers/Highland_Installs/HighLAND_2.89/nd280SoftwarePilot/scripts/cc]
  ignore line: [COLLECT_LTO_WRAPPER=/usr/libexec/gcc/x86_64-redhat-linux/4.8.5/lto-wrapper]
  ignore line: [Target: x86_64-redhat-linux]
  ignore line: [Configured with: ../configure --prefix=/usr --mandir=/usr/share/man --infodir=/usr/share/info --with-bugurl=http://bugzilla.redhat.com/bugzilla --enable-bootstrap --enable-shared --enable-threads=posix --enable-checking=release --with-system-zlib --enable-__cxa_atexit --disable-libunwind-exceptions --enable-gnu-unique-object --enable-linker-build-id --with-linker-hash-style=gnu --enable-languages=c c++ objc obj-c++ java fortran ada go lto --enable-plugin --enable-initfini-array --disable-libgcj --with-isl=/builddir/build/BUILD/gcc-4.8.5-20150702/obj-x86_64-redhat-linux/isl-install --with-cloog=/builddir/build/BUILD/gcc-4.8.5-20150702/obj-x86_64-redhat-linux/cloog-install --enable-gnu-indirect-function --with-tune=generic --with-arch_32=x86-64 --build=x86_64-redhat-linux]
  ignore line: [Thread model: posix]
  ignore line: [gcc version 4.8.5 20150623 (Red Hat 4.8.5-44) (GCC) ]
  ignore line: [COMPILER_PATH=/usr/libexec/gcc/x86_64-redhat-linux/4.8.5/:/usr/libexec/gcc/x86_64-redhat-linux/4.8.5/:/usr/libexec/gcc/x86_64-redhat-linux/:/usr/lib/gcc/x86_64-redhat-linux/4.8.5/:/usr/lib/gcc/x86_64-redhat-linux/]
  ignore line: [LIBRARY_PATH=/usr/lib/gcc/x86_64-redhat-linux/4.8.5/:/usr/lib/gcc/x86_64-redhat-linux/4.8.5/../../../../lib64/:/lib/../lib64/:/usr/lib/../lib64/:/usr/lib/gcc/x86_64-redhat-linux/4.8.5/../../../:/lib/:/usr/lib/]
  ignore line: [COLLECT_GCC_OPTIONS='-v' '-rdynamic' '-o' 'cmTC_6dbc6' '-mtune=generic' '-march=x86-64']
  link line: [ /usr/libexec/gcc/x86_64-redhat-linux/4.8.5/collect2 --build-id --no-add-needed --eh-frame-hdr --hash-style=gnu -m elf_x86_64 -export-dynamic -dynamic-linker /lib64/ld-linux-x86-64.so.2 -o cmTC_6dbc6 /usr/lib/gcc/x86_64-redhat-linux/4.8.5/../../../../lib64/crt1.o /usr/lib/gcc/x86_64-redhat-linux/4.8.5/../../../../lib64/crti.o /usr/lib/gcc/x86_64-redhat-linux/4.8.5/crtbegin.o -L/usr/lib/gcc/x86_64-redhat-linux/4.8.5 -L/usr/lib/gcc/x86_64-redhat-linux/4.8.5/../../../../lib64 -L/lib/../lib64 -L/usr/lib/../lib64 -L/usr/lib/gcc/x86_64-redhat-linux/4.8.5/../../.. CMakeFiles/cmTC_6dbc6.dir/CMakeCCompilerABI.c.o -lgcc --as-needed -lgcc_s --no-as-needed -lc -lgcc --as-needed -lgcc_s --no-as-needed /usr/lib/gcc/x86_64-redhat-linux/4.8.5/crtend.o /usr/lib/gcc/x86_64-redhat-linux/4.8.5/../../../../lib64/crtn.o]
    arg [/usr/libexec/gcc/x86_64-redhat-linux/4.8.5/collect2] ==> ignore
    arg [--build-id] ==> ignore
    arg [--no-add-needed] ==> ignore
    arg [--eh-frame-hdr] ==> ignore
    arg [--hash-style=gnu] ==> ignore
    arg [-m] ==> ignore
    arg [elf_x86_64] ==> ignore
    arg [-export-dynamic] ==> ignore
    arg [-dynamic-linker] ==> ignore
    arg [/lib64/ld-linux-x86-64.so.2] ==> ignore
    arg [-o] ==> ignore
    arg [cmTC_6dbc6] ==> ignore
    arg [/usr/lib/gcc/x86_64-redhat-linux/4.8.5/../../../../lib64/crt1.o] ==> ignore
    arg [/usr/lib/gcc/x86_64-redhat-linux/4.8.5/../../../../lib64/crti.o] ==> ignore
    arg [/usr/lib/gcc/x86_64-redhat-linux/4.8.5/crtbegin.o] ==> ignore
    arg [-L/usr/lib/gcc/x86_64-redhat-linux/4.8.5] ==> dir [/usr/lib/gcc/x86_64-redhat-linux/4.8.5]
    arg [-L/usr/lib/gcc/x86_64-redhat-linux/4.8.5/../../../../lib64] ==> dir [/usr/lib/gcc/x86_64-redhat-linux/4.8.5/../../../../lib64]
    arg [-L/lib/../lib64] ==> dir [/lib/../lib64]
    arg [-L/usr/lib/../lib64] ==> dir [/usr/lib/../lib64]
    arg [-L/usr/lib/gcc/x86_64-redhat-linux/4.8.5/../../..] ==> dir [/usr/lib/gcc/x86_64-redhat-linux/4.8.5/../../..]
    arg [CMakeFiles/cmTC_6dbc6.dir/CMakeCCompilerABI.c.o] ==> ignore
    arg [-lgcc] ==> lib [gcc]
    arg [--as-needed] ==> ignore
    arg [-lgcc_s] ==> lib [gcc_s]
    arg [--no-as-needed] ==> ignore
    arg [-lc] ==> lib [c]
    arg [-lgcc] ==> lib [gcc]
    arg [--as-needed] ==> ignore
    arg [-lgcc_s] ==> lib [gcc_s]
    arg [--no-as-needed] ==> ignore
    arg [/usr/lib/gcc/x86_64-redhat-linux/4.8.5/crtend.o] ==> ignore
    arg [/usr/lib/gcc/x86_64-redhat-linux/4.8.5/../../../../lib64/crtn.o] ==> ignore
  collapse library dir [/usr/lib/gcc/x86_64-redhat-linux/4.8.5] ==> [/usr/lib/gcc/x86_64-redhat-linux/4.8.5]
  collapse library dir [/usr/lib/gcc/x86_64-redhat-linux/4.8.5/../../../../lib64] ==> [/usr/lib64]
  collapse library dir [/lib/../lib64] ==> [/lib64]
  collapse library dir [/usr/lib/../lib64] ==> [/usr/lib64]
  collapse library dir [/usr/lib/gcc/x86_64-redhat-linux/4.8.5/../../..] ==> [/usr/lib]
  implicit libs: [gcc;gcc_s;c;gcc;gcc_s]
  implicit dirs: [/usr/lib/gcc/x86_64-redhat-linux/4.8.5;/usr/lib64;/lib64;/usr/lib]
  implicit fwks: []


Determining if the CXX compiler works passed with the following output:
Change Dir: /home/t2k/aspeers/Highland_Installs/HighLAND_2.89/ROOT_5.34.34.00/Linux-CentOS_7-gcc_4.8-x86_64/tmp_build/CMakeFiles/CMakeTmp

Run Build Command(s):/home/t2k/aspeers/Highland_Installs/HighLAND_2.89/nd280SoftwarePilot/scripts/gmake cmTC_69a56/fast && gmake[3]: Entering directory `/home/t2k/aspeers/Highland_Installs/HighLAND_2.89/ROOT_5.34.34.00/Linux-CentOS_7-gcc_4.8-x86_64/tmp_build/CMakeFiles/CMakeTmp'
/home/t2k/aspeers/Highland_Installs/HighLAND_2.89/nd280SoftwarePilot/scripts/gmake  -f CMakeFiles/cmTC_69a56.dir/build.make CMakeFiles/cmTC_69a56.dir/build
gmake[4]: Entering directory `/home/t2k/aspeers/Highland_Installs/HighLAND_2.89/ROOT_5.34.34.00/Linux-CentOS_7-gcc_4.8-x86_64/tmp_build/CMakeFiles/CMakeTmp'
Building CXX object CMakeFiles/cmTC_69a56.dir/testCXXCompiler.cxx.o
/home/t2k/aspeers/Highland_Installs/HighLAND_2.89/nd280SoftwarePilot/scripts/c++     -o CMakeFiles/cmTC_69a56.dir/testCXXCompiler.cxx.o -c /home/t2k/aspeers/Highland_Installs/HighLAND_2.89/ROOT_5.34.34.00/Linux-CentOS_7-gcc_4.8-x86_64/tmp_build/CMakeFiles/CMakeTmp/testCXXCompiler.cxx
Linking CXX executable cmTC_69a56
/usr/bin/cmake3 -E cmake_link_script CMakeFiles/cmTC_69a56.dir/link.txt --verbose=1
/home/t2k/aspeers/Highland_Installs/HighLAND_2.89/nd280SoftwarePilot/scripts/c++       -rdynamic CMakeFiles/cmTC_69a56.dir/testCXXCompiler.cxx.o  -o cmTC_69a56 
gmake[4]: Leaving directory `/home/t2k/aspeers/Highland_Installs/HighLAND_2.89/ROOT_5.34.34.00/Linux-CentOS_7-gcc_4.8-x86_64/tmp_build/CMakeFiles/CMakeTmp'
gmake[3]: Leaving directory `/home/t2k/aspeers/Highland_Installs/HighLAND_2.89/ROOT_5.34.34.00/Linux-CentOS_7-gcc_4.8-x86_64/tmp_build/CMakeFiles/CMakeTmp'



Detecting CXX compiler ABI info compiled with the following output:
Change Dir: /home/t2k/aspeers/Highland_Installs/HighLAND_2.89/ROOT_5.34.34.00/Linux-CentOS_7-gcc_4.8-x86_64/tmp_build/CMakeFiles/CMakeTmp

Run Build Command(s):/home/t2k/aspeers/Highland_Installs/HighLAND_2.89/nd280SoftwarePilot/scripts/gmake cmTC_07465/fast && gmake[3]: Entering directory `/home/t2k/aspeers/Highland_Installs/HighLAND_2.89/ROOT_5.34.34.00/Linux-CentOS_7-gcc_4.8-x86_64/tmp_build/CMakeFiles/CMakeTmp'
/home/t2k/aspeers/Highland_Installs/HighLAND_2.89/nd280SoftwarePilot/scripts/gmake  -f CMakeFiles/cmTC_07465.dir/build.make CMakeFiles/cmTC_07465.dir/build
gmake[4]: Entering directory `/home/t2k/aspeers/Highland_Installs/HighLAND_2.89/ROOT_5.34.34.00/Linux-CentOS_7-gcc_4.8-x86_64/tmp_build/CMakeFiles/CMakeTmp'
Building CXX object CMakeFiles/cmTC_07465.dir/CMakeCXXCompilerABI.cpp.o
/home/t2k/aspeers/Highland_Installs/HighLAND_2.89/nd280SoftwarePilot/scripts/c++    -v -o CMakeFiles/cmTC_07465.dir/CMakeCXXCompilerABI.cpp.o -c /usr/share/cmake3/Modules/CMakeCXXCompilerABI.cpp
Using built-in specs.
COLLECT_GCC=/home/t2k/aspeers/Highland_Installs/HighLAND_2.89/nd280SoftwarePilot/scripts/c++
Target: x86_64-redhat-linux
Configured with: ../configure --prefix=/usr --mandir=/usr/share/man --infodir=/usr/share/info --with-bugurl=http://bugzilla.redhat.com/bugzilla --enable-bootstrap --enable-shared --enable-threads=posix --enable-checking=release --with-system-zlib --enable-__cxa_atexit --disable-libunwind-exceptions --enable-gnu-unique-object --enable-linker-build-id --with-linker-hash-style=gnu --enable-languages=c,c++,objc,obj-c++,java,fortran,ada,go,lto --enable-plugin --enable-initfini-array --disable-libgcj --with-isl=/builddir/build/BUILD/gcc-4.8.5-20150702/obj-x86_64-redhat-linux/isl-install --with-cloog=/builddir/build/BUILD/gcc-4.8.5-20150702/obj-x86_64-redhat-linux/cloog-install --enable-gnu-indirect-function --with-tune=generic --with-arch_32=x86-64 --build=x86_64-redhat-linux
Thread model: posix
gcc version 4.8.5 20150623 (Red Hat 4.8.5-44) (GCC) 
COLLECT_GCC_OPTIONS='-v' '-o' 'CMakeFiles/cmTC_07465.dir/CMakeCXXCompilerABI.cpp.o' '-c' '-shared-libgcc' '-mtune=generic' '-march=x86-64'
 /usr/libexec/gcc/x86_64-redhat-linux/4.8.5/cc1plus -quiet -v -D_GNU_SOURCE /usr/share/cmake3/Modules/CMakeCXXCompilerABI.cpp -quiet -dumpbase CMakeCXXCompilerABI.cpp -mtune=generic -march=x86-64 -auxbase-strip CMakeFiles/cmTC_07465.dir/CMakeCXXCompilerABI.cpp.o -version -o /tmp/ccay8plj.s
GNU C++ (GCC) version 4.8.5 20150623 (Red Hat 4.8.5-44) (x86_64-redhat-linux)
	compiled by GNU C version 4.8.5 20150623 (Red Hat 4.8.5-44), GMP version 6.0.0, MPFR version 3.1.1, MPC version 1.0.1
GGC heuristics: --param ggc-min-expand=100 --param ggc-min-heapsize=131072
ignoring nonexistent directory "/usr/lib/gcc/x86_64-redhat-linux/4.8.5/include-fixed"
ignoring nonexistent directory "/usr/lib/gcc/x86_64-redhat-linux/4.8.5/../../../../x86_64-redhat-linux/include"
#include "..." search starts here:
#include <...> search starts here:
 /usr/lib/gcc/x86_64-redhat-linux/4.8.5/../../../../include/c++/4.8.5
 /usr/lib/gcc/x86_64-redhat-linux/4.8.5/../../../../include/c++/4.8.5/x86_64-redhat-linux
 /usr/lib/gcc/x86_64-redhat-linux/4.8.5/../../../../include/c++/4.8.5/backward
 /usr/lib/gcc/x86_64-redhat-linux/4.8.5/include
 /usr/local/include
 /usr/include
End of search list.
GNU C++ (GCC) version 4.8.5 20150623 (Red Hat 4.8.5-44) (x86_64-redhat-linux)
	compiled by GNU C version 4.8.5 20150623 (Red Hat 4.8.5-44), GMP version 6.0.0, MPFR version 3.1.1, MPC version 1.0.1
GGC heuristics: --param ggc-min-expand=100 --param ggc-min-heapsize=131072
Compiler executable checksum: 51b2dcccf6085e5bfbbf3932e5685252
COLLECT_GCC_OPTIONS='-v' '-o' 'CMakeFiles/cmTC_07465.dir/CMakeCXXCompilerABI.cpp.o' '-c' '-shared-libgcc' '-mtune=generic' '-march=x86-64'
 as -v --64 -o CMakeFiles/cmTC_07465.dir/CMakeCXXCompilerABI.cpp.o /tmp/ccay8plj.s
GNU assembler version 2.27 (x86_64-redhat-linux) using BFD version version 2.27-44.base.el7_9.1
COMPILER_PATH=/usr/libexec/gcc/x86_64-redhat-linux/4.8.5/:/usr/libexec/gcc/x86_64-redhat-linux/4.8.5/:/usr/libexec/gcc/x86_64-redhat-linux/:/usr/lib/gcc/x86_64-redhat-linux/4.8.5/:/usr/lib/gcc/x86_64-redhat-linux/
LIBRARY_PATH=/usr/lib/gcc/x86_64-redhat-linux/4.8.5/:/usr/lib/gcc/x86_64-redhat-linux/4.8.5/../../../../lib64/:/lib/../lib64/:/usr/lib/../lib64/:/usr/lib/gcc/x86_64-redhat-linux/4.8.5/../../../:/lib/:/usr/lib/
COLLECT_GCC_OPTIONS='-v' '-o' 'CMakeFiles/cmTC_07465.dir/CMakeCXXCompilerABI.cpp.o' '-c' '-shared-libgcc' '-mtune=generic' '-march=x86-64'
Linking CXX executable cmTC_07465
/usr/bin/cmake3 -E cmake_link_script CMakeFiles/cmTC_07465.dir/link.txt --verbose=1
/home/t2k/aspeers/Highland_Installs/HighLAND_2.89/nd280SoftwarePilot/scripts/c++      -v -rdynamic CMakeFiles/cmTC_07465.dir/CMakeCXXCompilerABI.cpp.o  -o cmTC_07465 
Using built-in specs.
COLLECT_GCC=/home/t2k/aspeers/Highland_Installs/HighLAND_2.89/nd280SoftwarePilot/scripts/c++
COLLECT_LTO_WRAPPER=/usr/libexec/gcc/x86_64-redhat-linux/4.8.5/lto-wrapper
Target: x86_64-redhat-linux
Configured with: ../configure --prefix=/usr --mandir=/usr/share/man --infodir=/usr/share/info --with-bugurl=http://bugzilla.redhat.com/bugzilla --enable-bootstrap --enable-shared --enable-threads=posix --enable-checking=release --with-system-zlib --enable-__cxa_atexit --disable-libunwind-exceptions --enable-gnu-unique-object --enable-linker-build-id --with-linker-hash-style=gnu --enable-languages=c,c++,objc,obj-c++,java,fortran,ada,go,lto --enable-plugin --enable-initfini-array --disable-libgcj --with-isl=/builddir/build/BUILD/gcc-4.8.5-20150702/obj-x86_64-redhat-linux/isl-install --with-cloog=/builddir/build/BUILD/gcc-4.8.5-20150702/obj-x86_64-redhat-linux/cloog-install --enable-gnu-indirect-function --with-tune=generic --with-arch_32=x86-64 --build=x86_64-redhat-linux
Thread model: posix
gcc version 4.8.5 20150623 (Red Hat 4.8.5-44) (GCC) 
COMPILER_PATH=/usr/libexec/gcc/x86_64-redhat-linux/4.8.5/:/usr/libexec/gcc/x86_64-redhat-linux/4.8.5/:/usr/libexec/gcc/x86_64-redhat-linux/:/usr/lib/gcc/x86_64-redhat-linux/4.8.5/:/usr/lib/gcc/x86_64-redhat-linux/
LIBRARY_PATH=/usr/lib/gcc/x86_64-redhat-linux/4.8.5/:/usr/lib/gcc/x86_64-redhat-linux/4.8.5/../../../../lib64/:/lib/../lib64/:/usr/lib/../lib64/:/usr/lib/gcc/x86_64-redhat-linux/4.8.5/../../../:/lib/:/usr/lib/
COLLECT_GCC_OPTIONS='-v' '-rdynamic' '-o' 'cmTC_07465' '-shared-libgcc' '-mtune=generic' '-march=x86-64'
 /usr/libexec/gcc/x86_64-redhat-linux/4.8.5/collect2 --build-id --no-add-needed --eh-frame-hdr --hash-style=gnu -m elf_x86_64 -export-dynamic -dynamic-linker /lib64/ld-linux-x86-64.so.2 -o cmTC_07465 /usr/lib/gcc/x86_64-redhat-linux/4.8.5/../../../../lib64/crt1.o /usr/lib/gcc/x86_64-redhat-linux/4.8.5/../../../../lib64/crti.o /usr/lib/gcc/x86_64-redhat-linux/4.8.5/crtbegin.o -L/usr/lib/gcc/x86_64-redhat-linux/4.8.5 -L/usr/lib/gcc/x86_64-redhat-linux/4.8.5/../../../../lib64 -L/lib/../lib64 -L/usr/lib/../lib64 -L/usr/lib/gcc/x86_64-redhat-linux/4.8.5/../../.. CMakeFiles/cmTC_07465.dir/CMakeCXXCompilerABI.cpp.o -lstdc++ -lm -lgcc_s -lgcc -lc -lgcc_s -lgcc /usr/lib/gcc/x86_64-redhat-linux/4.8.5/crtend.o /usr/lib/gcc/x86_64-redhat-linux/4.8.5/../../../../lib64/crtn.o
gmake[4]: Leaving directory `/home/t2k/aspeers/Highland_Installs/HighLAND_2.89/ROOT_5.34.34.00/Linux-CentOS_7-gcc_4.8-x86_64/tmp_build/CMakeFiles/CMakeTmp'
gmake[3]: Leaving directory `/home/t2k/aspeers/Highland_Installs/HighLAND_2.89/ROOT_5.34.34.00/Linux-CentOS_7-gcc_4.8-x86_64/tmp_build/CMakeFiles/CMakeTmp'



Parsed CXX implicit include dir info from above output: rv=done
  found start of include info
  found start of implicit include info
    add: [/usr/lib/gcc/x86_64-redhat-linux/4.8.5/../../../../include/c++/4.8.5]
    add: [/usr/lib/gcc/x86_64-redhat-linux/4.8.5/../../../../include/c++/4.8.5/x86_64-redhat-linux]
    add: [/usr/lib/gcc/x86_64-redhat-linux/4.8.5/../../../../include/c++/4.8.5/backward]
    add: [/usr/lib/gcc/x86_64-redhat-linux/4.8.5/include]
    add: [/usr/local/include]
    add: [/usr/include]
  end of search list found
  collapse include dir [/usr/lib/gcc/x86_64-redhat-linux/4.8.5/../../../../include/c++/4.8.5] ==> [/usr/include/c++/4.8.5]
  collapse include dir [/usr/lib/gcc/x86_64-redhat-linux/4.8.5/../../../../include/c++/4.8.5/x86_64-redhat-linux] ==> [/usr/include/c++/4.8.5/x86_64-redhat-linux]
  collapse include dir [/usr/lib/gcc/x86_64-redhat-linux/4.8.5/../../../../include/c++/4.8.5/backward] ==> [/usr/include/c++/4.8.5/backward]
  collapse include dir [/usr/lib/gcc/x86_64-redhat-linux/4.8.5/include] ==> [/usr/lib/gcc/x86_64-redhat-linux/4.8.5/include]
  collapse include dir [/usr/local/include] ==> [/usr/local/include]
  collapse include dir [/usr/include] ==> [/usr/include]
  implicit include dirs: [/usr/include/c++/4.8.5;/usr/include/c++/4.8.5/x86_64-redhat-linux;/usr/include/c++/4.8.5/backward;/usr/lib/gcc/x86_64-redhat-linux/4.8.5/include;/usr/local/include;/usr/include]


Parsed CXX implicit link information from above output:
  link line regex: [^( *|.*[/\])(ld|CMAKE_LINK_STARTFILE-NOTFOUND|([^/\]+-)?ld|collect2)[^/\]*( |$)]
  ignore line: [Change Dir: /home/t2k/aspeers/Highland_Installs/HighLAND_2.89/ROOT_5.34.34.00/Linux-CentOS_7-gcc_4.8-x86_64/tmp_build/CMakeFiles/CMakeTmp]
  ignore line: []
  ignore line: [Run Build Command(s):/home/t2k/aspeers/Highland_Installs/HighLAND_2.89/nd280SoftwarePilot/scripts/gmake cmTC_07465/fast && gmake[3]: Entering directory `/home/t2k/aspeers/Highland_Installs/HighLAND_2.89/ROOT_5.34.34.00/Linux-CentOS_7-gcc_4.8-x86_64/tmp_build/CMakeFiles/CMakeTmp']
  ignore line: [/home/t2k/aspeers/Highland_Installs/HighLAND_2.89/nd280SoftwarePilot/scripts/gmake  -f CMakeFiles/cmTC_07465.dir/build.make CMakeFiles/cmTC_07465.dir/build]
  ignore line: [gmake[4]: Entering directory `/home/t2k/aspeers/Highland_Installs/HighLAND_2.89/ROOT_5.34.34.00/Linux-CentOS_7-gcc_4.8-x86_64/tmp_build/CMakeFiles/CMakeTmp']
  ignore line: [Building CXX object CMakeFiles/cmTC_07465.dir/CMakeCXXCompilerABI.cpp.o]
  ignore line: [/home/t2k/aspeers/Highland_Installs/HighLAND_2.89/nd280SoftwarePilot/scripts/c++    -v -o CMakeFiles/cmTC_07465.dir/CMakeCXXCompilerABI.cpp.o -c /usr/share/cmake3/Modules/CMakeCXXCompilerABI.cpp]
  ignore line: [Using built-in specs.]
  ignore line: [COLLECT_GCC=/home/t2k/aspeers/Highland_Installs/HighLAND_2.89/nd280SoftwarePilot/scripts/c++]
  ignore line: [Target: x86_64-redhat-linux]
  ignore line: [Configured with: ../configure --prefix=/usr --mandir=/usr/share/man --infodir=/usr/share/info --with-bugurl=http://bugzilla.redhat.com/bugzilla --enable-bootstrap --enable-shared --enable-threads=posix --enable-checking=release --with-system-zlib --enable-__cxa_atexit --disable-libunwind-exceptions --enable-gnu-unique-object --enable-linker-build-id --with-linker-hash-style=gnu --enable-languages=c c++ objc obj-c++ java fortran ada go lto --enable-plugin --enable-initfini-array --disable-libgcj --with-isl=/builddir/build/BUILD/gcc-4.8.5-20150702/obj-x86_64-redhat-linux/isl-install --with-cloog=/builddir/build/BUILD/gcc-4.8.5-20150702/obj-x86_64-redhat-linux/cloog-install --enable-gnu-indirect-function --with-tune=generic --with-arch_32=x86-64 --build=x86_64-redhat-linux]
  ignore line: [Thread model: posix]
  ignore line: [gcc version 4.8.5 20150623 (Red Hat 4.8.5-44) (GCC) ]
  ignore line: [COLLECT_GCC_OPTIONS='-v' '-o' 'CMakeFiles/cmTC_07465.dir/CMakeCXXCompilerABI.cpp.o' '-c' '-shared-libgcc' '-mtune=generic' '-march=x86-64']
  ignore line: [ /usr/libexec/gcc/x86_64-redhat-linux/4.8.5/cc1plus -quiet -v -D_GNU_SOURCE /usr/share/cmake3/Modules/CMakeCXXCompilerABI.cpp -quiet -dumpbase CMakeCXXCompilerABI.cpp -mtune=generic -march=x86-64 -auxbase-strip CMakeFiles/cmTC_07465.dir/CMakeCXXCompilerABI.cpp.o -version -o /tmp/ccay8plj.s]
  ignore line: [GNU C++ (GCC) version 4.8.5 20150623 (Red Hat 4.8.5-44) (x86_64-redhat-linux)]
  ignore line: [	compiled by GNU C version 4.8.5 20150623 (Red Hat 4.8.5-44)  GMP version 6.0.0  MPFR version 3.1.1  MPC version 1.0.1]
  ignore line: [GGC heuristics: --param ggc-min-expand=100 --param ggc-min-heapsize=131072]
  ignore line: [ignoring nonexistent directory "/usr/lib/gcc/x86_64-redhat-linux/4.8.5/include-fixed"]
  ignore line: [ignoring nonexistent directory "/usr/lib/gcc/x86_64-redhat-linux/4.8.5/../../../../x86_64-redhat-linux/include"]
  ignore line: [#include "..." search starts here:]
  ignore line: [#include <...> search starts here:]
  ignore line: [ /usr/lib/gcc/x86_64-redhat-linux/4.8.5/../../../../include/c++/4.8.5]
  ignore line: [ /usr/lib/gcc/x86_64-redhat-linux/4.8.5/../../../../include/c++/4.8.5/x86_64-redhat-linux]
  ignore line: [ /usr/lib/gcc/x86_64-redhat-linux/4.8.5/../../../../include/c++/4.8.5/backward]
  ignore line: [ /usr/lib/gcc/x86_64-redhat-linux/4.8.5/include]
  ignore line: [ /usr/local/include]
  ignore line: [ /usr/include]
  ignore line: [End of search list.]
  ignore line: [GNU C++ (GCC) version 4.8.5 20150623 (Red Hat 4.8.5-44) (x86_64-redhat-linux)]
  ignore line: [	compiled by GNU C version 4.8.5 20150623 (Red Hat 4.8.5-44)  GMP version 6.0.0  MPFR version 3.1.1  MPC version 1.0.1]
  ignore line: [GGC heuristics: --param ggc-min-expand=100 --param ggc-min-heapsize=131072]
  ignore line: [Compiler executable checksum: 51b2dcccf6085e5bfbbf3932e5685252]
  ignore line: [COLLECT_GCC_OPTIONS='-v' '-o' 'CMakeFiles/cmTC_07465.dir/CMakeCXXCompilerABI.cpp.o' '-c' '-shared-libgcc' '-mtune=generic' '-march=x86-64']
  ignore line: [ as -v --64 -o CMakeFiles/cmTC_07465.dir/CMakeCXXCompilerABI.cpp.o /tmp/ccay8plj.s]
  ignore line: [GNU assembler version 2.27 (x86_64-redhat-linux) using BFD version version 2.27-44.base.el7_9.1]
  ignore line: [COMPILER_PATH=/usr/libexec/gcc/x86_64-redhat-linux/4.8.5/:/usr/libexec/gcc/x86_64-redhat-linux/4.8.5/:/usr/libexec/gcc/x86_64-redhat-linux/:/usr/lib/gcc/x86_64-redhat-linux/4.8.5/:/usr/lib/gcc/x86_64-redhat-linux/]
  ignore line: [LIBRARY_PATH=/usr/lib/gcc/x86_64-redhat-linux/4.8.5/:/usr/lib/gcc/x86_64-redhat-linux/4.8.5/../../../../lib64/:/lib/../lib64/:/usr/lib/../lib64/:/usr/lib/gcc/x86_64-redhat-linux/4.8.5/../../../:/lib/:/usr/lib/]
  ignore line: [COLLECT_GCC_OPTIONS='-v' '-o' 'CMakeFiles/cmTC_07465.dir/CMakeCXXCompilerABI.cpp.o' '-c' '-shared-libgcc' '-mtune=generic' '-march=x86-64']
  ignore line: [Linking CXX executable cmTC_07465]
  ignore line: [/usr/bin/cmake3 -E cmake_link_script CMakeFiles/cmTC_07465.dir/link.txt --verbose=1]
  ignore line: [/home/t2k/aspeers/Highland_Installs/HighLAND_2.89/nd280SoftwarePilot/scripts/c++      -v -rdynamic CMakeFiles/cmTC_07465.dir/CMakeCXXCompilerABI.cpp.o  -o cmTC_07465 ]
  ignore line: [Using built-in specs.]
  ignore line: [COLLECT_GCC=/home/t2k/aspeers/Highland_Installs/HighLAND_2.89/nd280SoftwarePilot/scripts/c++]
  ignore line: [COLLECT_LTO_WRAPPER=/usr/libexec/gcc/x86_64-redhat-linux/4.8.5/lto-wrapper]
  ignore line: [Target: x86_64-redhat-linux]
  ignore line: [Configured with: ../configure --prefix=/usr --mandir=/usr/share/man --infodir=/usr/share/info --with-bugurl=http://bugzilla.redhat.com/bugzilla --enable-bootstrap --enable-shared --enable-threads=posix --enable-checking=release --with-system-zlib --enable-__cxa_atexit --disable-libunwind-exceptions --enable-gnu-unique-object --enable-linker-build-id --with-linker-hash-style=gnu --enable-languages=c c++ objc obj-c++ java fortran ada go lto --enable-plugin --enable-initfini-array --disable-libgcj --with-isl=/builddir/build/BUILD/gcc-4.8.5-20150702/obj-x86_64-redhat-linux/isl-install --with-cloog=/builddir/build/BUILD/gcc-4.8.5-20150702/obj-x86_64-redhat-linux/cloog-install --enable-gnu-indirect-function --with-tune=generic --with-arch_32=x86-64 --build=x86_64-redhat-linux]
  ignore line: [Thread model: posix]
  ignore line: [gcc version 4.8.5 20150623 (Red Hat 4.8.5-44) (GCC) ]
  ignore line: [COMPILER_PATH=/usr/libexec/gcc/x86_64-redhat-linux/4.8.5/:/usr/libexec/gcc/x86_64-redhat-linux/4.8.5/:/usr/libexec/gcc/x86_64-redhat-linux/:/usr/lib/gcc/x86_64-redhat-linux/4.8.5/:/usr/lib/gcc/x86_64-redhat-linux/]
  ignore line: [LIBRARY_PATH=/usr/lib/gcc/x86_64-redhat-linux/4.8.5/:/usr/lib/gcc/x86_64-redhat-linux/4.8.5/../../../../lib64/:/lib/../lib64/:/usr/lib/../lib64/:/usr/lib/gcc/x86_64-redhat-linux/4.8.5/../../../:/lib/:/usr/lib/]
  ignore line: [COLLECT_GCC_OPTIONS='-v' '-rdynamic' '-o' 'cmTC_07465' '-shared-libgcc' '-mtune=generic' '-march=x86-64']
  link line: [ /usr/libexec/gcc/x86_64-redhat-linux/4.8.5/collect2 --build-id --no-add-needed --eh-frame-hdr --hash-style=gnu -m elf_x86_64 -export-dynamic -dynamic-linker /lib64/ld-linux-x86-64.so.2 -o cmTC_07465 /usr/lib/gcc/x86_64-redhat-linux/4.8.5/../../../../lib64/crt1.o /usr/lib/gcc/x86_64-redhat-linux/4.8.5/../../../../lib64/crti.o /usr/lib/gcc/x86_64-redhat-linux/4.8.5/crtbegin.o -L/usr/lib/gcc/x86_64-redhat-linux/4.8.5 -L/usr/lib/gcc/x86_64-redhat-linux/4.8.5/../../../../lib64 -L/lib/../lib64 -L/usr/lib/../lib64 -L/usr/lib/gcc/x86_64-redhat-linux/4.8.5/../../.. CMakeFiles/cmTC_07465.dir/CMakeCXXCompilerABI.cpp.o -lstdc++ -lm -lgcc_s -lgcc -lc -lgcc_s -lgcc /usr/lib/gcc/x86_64-redhat-linux/4.8.5/crtend.o /usr/lib/gcc/x86_64-redhat-linux/4.8.5/../../../../lib64/crtn.o]
    arg [/usr/libexec/gcc/x86_64-redhat-linux/4.8.5/collect2] ==> ignore
    arg [--build-id] ==> ignore
    arg [--no-add-needed] ==> ignore
    arg [--eh-frame-hdr] ==> ignore
    arg [--hash-style=gnu] ==> ignore
    arg [-m] ==> ignore
    arg [elf_x86_64] ==> ignore
    arg [-export-dynamic] ==> ignore
    arg [-dynamic-linker] ==> ignore
    arg [/lib64/ld-linux-x86-64.so.2] ==> ignore
    arg [-o] ==> ignore
    arg [cmTC_07465] ==> ignore
    arg [/usr/lib/gcc/x86_64-redhat-linux/4.8.5/../../../../lib64/crt1.o] ==> ignore
    arg [/usr/lib/gcc/x86_64-redhat-linux/4.8.5/../../../../lib64/crti.o] ==> ignore
    arg [/usr/lib/gcc/x86_64-redhat-linux/4.8.5/crtbegin.o] ==> ignore
    arg [-L/usr/lib/gcc/x86_64-redhat-linux/4.8.5] ==> dir [/usr/lib/gcc/x86_64-redhat-linux/4.8.5]
    arg [-L/usr/lib/gcc/x86_64-redhat-linux/4.8.5/../../../../lib64] ==> dir [/usr/lib/gcc/x86_64-redhat-linux/4.8.5/../../../../lib64]
    arg [-L/lib/../lib64] ==> dir [/lib/../lib64]
    arg [-L/usr/lib/../lib64] ==> dir [/usr/lib/../lib64]
    arg [-L/usr/lib/gcc/x86_64-redhat-linux/4.8.5/../../..] ==> dir [/usr/lib/gcc/x86_64-redhat-linux/4.8.5/../../..]
    arg [CMakeFiles/cmTC_07465.dir/CMakeCXXCompilerABI.cpp.o] ==> ignore
    arg [-lstdc++] ==> lib [stdc++]
    arg [-lm] ==> lib [m]
    arg [-lgcc_s] ==> lib [gcc_s]
    arg [-lgcc] ==> lib [gcc]
    arg [-lc] ==> lib [c]
    arg [-lgcc_s] ==> lib [gcc_s]
    arg [-lgcc] ==> lib [gcc]
    arg [/usr/lib/gcc/x86_64-redhat-linux/4.8.5/crtend.o] ==> ignore
    arg [/usr/lib/gcc/x86_64-redhat-linux/4.8.5/../../../../lib64/crtn.o] ==> ignore
  collapse library dir [/usr/lib/gcc/x86_64-redhat-linux/4.8.5] ==> [/usr/lib/gcc/x86_64-redhat-linux/4.8.5]
  collapse library dir [/usr/lib/gcc/x86_64-redhat-linux/4.8.5/../../../../lib64] ==> [/usr/lib64]
  collapse library dir [/lib/../lib64] ==> [/lib64]
  collapse library dir [/usr/lib/../lib64] ==> [/usr/lib64]
  collapse library dir [/usr/lib/gcc/x86_64-redhat-linux/4.8.5/../../..] ==> [/usr/lib]
  implicit libs: [stdc++;m;gcc_s;gcc;c;gcc_s;gcc]
  implicit dirs: [/usr/lib/gcc/x86_64-redhat-linux/4.8.5;/usr/lib64;/lib64;/usr/lib]
  implicit fwks: []




Detecting CXX [-std=c++1y] compiler features compiled with the following output:
Change Dir: /home/t2k/aspeers/Highland_Installs/HighLAND_2.89/ROOT_5.34.34.00/Linux-CentOS_7-gcc_4.8-x86_64/tmp_build/CMakeFiles/CMakeTmp

Run Build Command(s):/home/t2k/aspeers/Highland_Installs/HighLAND_2.89/nd280SoftwarePilot/scripts/gmake cmTC_69214/fast && gmake[3]: Entering directory `/home/t2k/aspeers/Highland_Installs/HighLAND_2.89/ROOT_5.34.34.00/Linux-CentOS_7-gcc_4.8-x86_64/tmp_build/CMakeFiles/CMakeTmp'
/home/t2k/aspeers/Highland_Installs/HighLAND_2.89/nd280SoftwarePilot/scripts/gmake  -f CMakeFiles/cmTC_69214.dir/build.make CMakeFiles/cmTC_69214.dir/build
gmake[4]: Entering directory `/home/t2k/aspeers/Highland_Installs/HighLAND_2.89/ROOT_5.34.34.00/Linux-CentOS_7-gcc_4.8-x86_64/tmp_build/CMakeFiles/CMakeTmp'
Building CXX object CMakeFiles/cmTC_69214.dir/feature_tests.cxx.o
/home/t2k/aspeers/Highland_Installs/HighLAND_2.89/nd280SoftwarePilot/scripts/c++    -std=c++1y -o CMakeFiles/cmTC_69214.dir/feature_tests.cxx.o -c /home/t2k/aspeers/Highland_Installs/HighLAND_2.89/ROOT_5.34.34.00/Linux-CentOS_7-gcc_4.8-x86_64/tmp_build/CMakeFiles/feature_tests.cxx
Linking CXX executable cmTC_69214
/usr/bin/cmake3 -E cmake_link_script CMakeFiles/cmTC_69214.dir/link.txt --verbose=1
/home/t2k/aspeers/Highland_Installs/HighLAND_2.89/nd280SoftwarePilot/scripts/c++       -rdynamic CMakeFiles/cmTC_69214.dir/feature_tests.cxx.o  -o cmTC_69214 
gmake[4]: Leaving directory `/home/t2k/aspeers/Highland_Installs/HighLAND_2.89/ROOT_5.34.34.00/Linux-CentOS_7-gcc_4.8-x86_64/tmp_build/CMakeFiles/CMakeTmp'
gmake[3]: Leaving directory `/home/t2k/aspeers/Highland_Installs/HighLAND_2.89/ROOT_5.34.34.00/Linux-CentOS_7-gcc_4.8-x86_64/tmp_build/CMakeFiles/CMakeTmp'



    Feature record: CXX_FEATURE:1cxx_template_template_parameters
    Feature record: CXX_FEATURE:1cxx_alias_templates
    Feature record: CXX_FEATURE:1cxx_alignas
    Feature record: CXX_FEATURE:1cxx_alignof
    Feature record: CXX_FEATURE:1cxx_attributes
    Feature record: CXX_FEATURE:1cxx_auto_type
    Feature record: CXX_FEATURE:1cxx_constexpr
    Feature record: CXX_FEATURE:1cxx_decltype
    Feature record: CXX_FEATURE:1cxx_decltype_incomplete_return_types
    Feature record: CXX_FEATURE:1cxx_default_function_template_args
    Feature record: CXX_FEATURE:1cxx_defaulted_functions
    Feature record: CXX_FEATURE:1cxx_defaulted_move_initializers
    Feature record: CXX_FEATURE:1cxx_delegating_constructors
    Feature record: CXX_FEATURE:1cxx_deleted_functions
    Feature record: CXX_FEATURE:1cxx_enum_forward_declarations
    Feature record: CXX_FEATURE:1cxx_explicit_conversions
    Feature record: CXX_FEATURE:1cxx_extended_friend_declarations
    Feature record: CXX_FEATURE:1cxx_extern_templates
    Feature record: CXX_FEATURE:1cxx_final
    Feature record: CXX_FEATURE:1cxx_func_identifier
    Feature record: CXX_FEATURE:1cxx_generalized_initializers
    Feature record: CXX_FEATURE:1cxx_inheriting_constructors
    Feature record: CXX_FEATURE:1cxx_inline_namespaces
    Feature record: CXX_FEATURE:1cxx_lambdas
    Feature record: CXX_FEATURE:1cxx_local_type_template_args
    Feature record: CXX_FEATURE:1cxx_long_long_type
    Feature record: CXX_FEATURE:1cxx_noexcept
    Feature record: CXX_FEATURE:1cxx_nonstatic_member_init
    Feature record: CXX_FEATURE:1cxx_nullptr
    Feature record: CXX_FEATURE:1cxx_override
    Feature record: CXX_FEATURE:1cxx_range_for
    Feature record: CXX_FEATURE:1cxx_raw_string_literals
    Feature record: CXX_FEATURE:1cxx_reference_qualified_functions
    Feature record: CXX_FEATURE:1cxx_right_angle_brackets
    Feature record: CXX_FEATURE:1cxx_rvalue_references
    Feature record: CXX_FEATURE:1cxx_sizeof_member
    Feature record: CXX_FEATURE:1cxx_static_assert
    Feature record: CXX_FEATURE:1cxx_strong_enums
    Feature record: CXX_FEATURE:1cxx_thread_local
    Feature record: CXX_FEATURE:1cxx_trailing_return_types
    Feature record: CXX_FEATURE:1cxx_unicode_literals
    Feature record: CXX_FEATURE:1cxx_uniform_initialization
    Feature record: CXX_FEATURE:1cxx_unrestricted_unions
    Feature record: CXX_FEATURE:1cxx_user_literals
    Feature record: CXX_FEATURE:1cxx_variadic_macros
    Feature record: CXX_FEATURE:1cxx_variadic_templates
    Feature record: CXX_FEATURE:0cxx_aggregate_default_initializers
    Feature record: CXX_FEATURE:0cxx_attribute_deprecated
    Feature record: CXX_FEATURE:0cxx_binary_literals
    Feature record: CXX_FEATURE:0cxx_contextual_conversions
    Feature record: CXX_FEATURE:0cxx_decltype_auto
    Feature record: CXX_FEATURE:0cxx_digit_separators
    Feature record: CXX_FEATURE:0cxx_generic_lambdas
    Feature record: CXX_FEATURE:0cxx_lambda_init_captures
    Feature record: CXX_FEATURE:0cxx_relaxed_constexpr
    Feature record: CXX_FEATURE:0cxx_return_type_deduction
    Feature record: CXX_FEATURE:0cxx_variable_templates
Compiling the Fortran compiler identification source file "CMakeFortranCompilerId.F" succeeded.
Compiler: /home/t2k/aspeers/Highland_Installs/HighLAND_2.89/nd280SoftwarePilot/scripts/gfortran 
Build flags: 
Id flags: -v 

The output was:
0
Driving: /home/t2k/aspeers/Highland_Installs/HighLAND_2.89/nd280SoftwarePilot/scripts/gfortran -v CMakeFortranCompilerId.F -l gfortran -l m -shared-libgcc
Using built-in specs.
COLLECT_GCC=/home/t2k/aspeers/Highland_Installs/HighLAND_2.89/nd280SoftwarePilot/scripts/gfortran
COLLECT_LTO_WRAPPER=/usr/libexec/gcc/x86_64-redhat-linux/4.8.5/lto-wrapper
Target: x86_64-redhat-linux
Configured with: ../configure --prefix=/usr --mandir=/usr/share/man --infodir=/usr/share/info --with-bugurl=http://bugzilla.redhat.com/bugzilla --enable-bootstrap --enable-shared --enable-threads=posix --enable-checking=release --with-system-zlib --enable-__cxa_atexit --disable-libunwind-exceptions --enable-gnu-unique-object --enable-linker-build-id --with-linker-hash-style=gnu --enable-languages=c,c++,objc,obj-c++,java,fortran,ada,go,lto --enable-plugin --enable-initfini-array --disable-libgcj --with-isl=/builddir/build/BUILD/gcc-4.8.5-20150702/obj-x86_64-redhat-linux/isl-install --with-cloog=/builddir/build/BUILD/gcc-4.8.5-20150702/obj-x86_64-redhat-linux/cloog-install --enable-gnu-indirect-function --with-tune=generic --with-arch_32=x86-64 --build=x86_64-redhat-linux
Thread model: posix
gcc version 4.8.5 20150623 (Red Hat 4.8.5-44) (GCC) 
COLLECT_GCC_OPTIONS='-v' '-shared-libgcc' '-mtune=generic' '-march=x86-64'
 /usr/libexec/gcc/x86_64-redhat-linux/4.8.5/f951 CMakeFortranCompilerId.F -ffixed-form -cpp=/tmp/ccOXH6ag.f90 -quiet -v CMakeFortranCompilerId.F -quiet -dumpbase CMakeFortranCompilerId.F -mtune=generic -march=x86-64 -auxbase CMakeFortranCompilerId -version -fintrinsic-modules-path /usr/lib/gcc/x86_64-redhat-linux/4.8.5/finclude -o /tmp/ccpeM4A8.s
GNU Fortran (GCC) version 4.8.5 20150623 (Red Hat 4.8.5-44) (x86_64-redhat-linux)
	compiled by GNU C version 4.8.5 20150623 (Red Hat 4.8.5-44), GMP version 6.0.0, MPFR version 3.1.1, MPC version 1.0.1
GGC heuristics: --param ggc-min-expand=100 --param ggc-min-heapsize=131072
ignoring nonexistent directory "/usr/lib/gcc/x86_64-redhat-linux/4.8.5/include-fixed"
ignoring nonexistent directory "/usr/lib/gcc/x86_64-redhat-linux/4.8.5/../../../../x86_64-redhat-linux/include"
#include "..." search starts here:
#include <...> search starts here:
 /usr/lib/gcc/x86_64-redhat-linux/4.8.5/finclude
 /usr/lib/gcc/x86_64-redhat-linux/4.8.5/include
 /usr/local/include
 /usr/include
End of search list.
GNU Fortran (GCC) version 4.8.5 20150623 (Red Hat 4.8.5-44) (x86_64-redhat-linux)
	compiled by GNU C version 4.8.5 20150623 (Red Hat 4.8.5-44), GMP version 6.0.0, MPFR version 3.1.1, MPC version 1.0.1
GGC heuristics: --param ggc-min-expand=100 --param ggc-min-heapsize=131072
COLLECT_GCC_OPTIONS='-v' '-shared-libgcc' '-mtune=generic' '-march=x86-64'
 as -v --64 -o /tmp/ccS1byj1.o /tmp/ccpeM4A8.s
GNU assembler version 2.27 (x86_64-redhat-linux) using BFD version version 2.27-44.base.el7_9.1
Reading specs from /usr/lib/gcc/x86_64-redhat-linux/4.8.5/libgfortran.spec
rename spec lib to liborig
COLLECT_GCC_OPTIONS='-v' '-shared-libgcc' '-mtune=generic' '-march=x86-64'
COMPILER_PATH=/usr/libexec/gcc/x86_64-redhat-linux/4.8.5/:/usr/libexec/gcc/x86_64-redhat-linux/4.8.5/:/usr/libexec/gcc/x86_64-redhat-linux/:/usr/lib/gcc/x86_64-redhat-linux/4.8.5/:/usr/lib/gcc/x86_64-redhat-linux/
LIBRARY_PATH=/usr/lib/gcc/x86_64-redhat-linux/4.8.5/:/usr/lib/gcc/x86_64-redhat-linux/4.8.5/../../../../lib64/:/lib/../lib64/:/usr/lib/../lib64/:/usr/lib/gcc/x86_64-redhat-linux/4.8.5/../../../:/lib/:/usr/lib/
COLLECT_GCC_OPTIONS='-v' '-shared-libgcc' '-mtune=generic' '-march=x86-64'
 /usr/libexec/gcc/x86_64-redhat-linux/4.8.5/collect2 --build-id --no-add-needed --eh-frame-hdr --hash-style=gnu -m elf_x86_64 -dynamic-linker /lib64/ld-linux-x86-64.so.2 /usr/lib/gcc/x86_64-redhat-linux/4.8.5/../../../../lib64/crt1.o /usr/lib/gcc/x86_64-redhat-linux/4.8.5/../../../../lib64/crti.o /usr/lib/gcc/x86_64-redhat-linux/4.8.5/crtbegin.o -L/usr/lib/gcc/x86_64-redhat-linux/4.8.5 -L/usr/lib/gcc/x86_64-redhat-linux/4.8.5/../../../../lib64 -L/lib/../lib64 -L/usr/lib/../lib64 -L/usr/lib/gcc/x86_64-redhat-linux/4.8.5/../../.. /tmp/ccS1byj1.o -lgfortran -lm -lgcc_s -lgcc -lquadmath -lm -lgcc_s -lgcc -lc -lgcc_s -lgcc /usr/lib/gcc/x86_64-redhat-linux/4.8.5/crtend.o /usr/lib/gcc/x86_64-redhat-linux/4.8.5/../../../../lib64/crtn.o


Compilation of the Fortran compiler identification source "CMakeFortranCompilerId.F" produced "a.out"

The Fortran compiler identification is GNU, found in "/home/t2k/aspeers/Highland_Installs/HighLAND_2.89/ROOT_5.34.34.00/Linux-CentOS_7-gcc_4.8-x86_64/tmp_build/CMakeFiles/3.17.5/CompilerIdFortran/a.out"

Determining if the Fortran compiler works passed with the following output:
Change Dir: /home/t2k/aspeers/Highland_Installs/HighLAND_2.89/ROOT_5.34.34.00/Linux-CentOS_7-gcc_4.8-x86_64/tmp_build/CMakeFiles/CMakeTmp

Run Build Command(s):/home/t2k/aspeers/Highland_Installs/HighLAND_2.89/nd280SoftwarePilot/scripts/gmake cmTC_d3be7/fast && gmake[3]: Entering directory `/home/t2k/aspeers/Highland_Installs/HighLAND_2.89/ROOT_5.34.34.00/Linux-CentOS_7-gcc_4.8-x86_64/tmp_build/CMakeFiles/CMakeTmp'
/home/t2k/aspeers/Highland_Installs/HighLAND_2.89/nd280SoftwarePilot/scripts/gmake  -f CMakeFiles/cmTC_d3be7.dir/build.make CMakeFiles/cmTC_d3be7.dir/build
gmake[4]: Entering directory `/home/t2k/aspeers/Highland_Installs/HighLAND_2.89/ROOT_5.34.34.00/Linux-CentOS_7-gcc_4.8-x86_64/tmp_build/CMakeFiles/CMakeTmp'
Building Fortran object CMakeFiles/cmTC_d3be7.dir/testFortranCompiler.f.o
/home/t2k/aspeers/Highland_Installs/HighLAND_2.89/nd280SoftwarePilot/scripts/gfortran    -c /home/t2k/aspeers/Highland_Installs/HighLAND_2.89/ROOT_5.34.34.00/Linux-CentOS_7-gcc_4.8-x86_64/tmp_build/CMakeFiles/CMakeTmp/testFortranCompiler.f -o CMakeFiles/cmTC_d3be7.dir/testFortranCompiler.f.o
Linking Fortran executable cmTC_d3be7
/usr/bin/cmake3 -E cmake_link_script CMakeFiles/cmTC_d3be7.dir/link.txt --verbose=1
/home/t2k/aspeers/Highland_Installs/HighLAND_2.89/nd280SoftwarePilot/scripts/gfortran      CMakeFiles/cmTC_d3be7.dir/testFortranCompiler.f.o  -o cmTC_d3be7 
gmake[4]: Leaving directory `/home/t2k/aspeers/Highland_Installs/HighLAND_2.89/ROOT_5.34.34.00/Linux-CentOS_7-gcc_4.8-x86_64/tmp_build/CMakeFiles/CMakeTmp'
gmake[3]: Leaving directory `/home/t2k/aspeers/Highland_Installs/HighLAND_2.89/ROOT_5.34.34.00/Linux-CentOS_7-gcc_4.8-x86_64/tmp_build/CMakeFiles/CMakeTmp'



Detecting Fortran compiler ABI info compiled with the following output:
Change Dir: /home/t2k/aspeers/Highland_Installs/HighLAND_2.89/ROOT_5.34.34.00/Linux-CentOS_7-gcc_4.8-x86_64/tmp_build/CMakeFiles/CMakeTmp

Run Build Command(s):/home/t2k/aspeers/Highland_Installs/HighLAND_2.89/nd280SoftwarePilot/scripts/gmake cmTC_be5b8/fast && gmake[3]: Entering directory `/home/t2k/aspeers/Highland_Installs/HighLAND_2.89/ROOT_5.34.34.00/Linux-CentOS_7-gcc_4.8-x86_64/tmp_build/CMakeFiles/CMakeTmp'
/home/t2k/aspeers/Highland_Installs/HighLAND_2.89/nd280SoftwarePilot/scripts/gmake  -f CMakeFiles/cmTC_be5b8.dir/build.make CMakeFiles/cmTC_be5b8.dir/build
gmake[4]: Entering directory `/home/t2k/aspeers/Highland_Installs/HighLAND_2.89/ROOT_5.34.34.00/Linux-CentOS_7-gcc_4.8-x86_64/tmp_build/CMakeFiles/CMakeTmp'
Building Fortran object CMakeFiles/cmTC_be5b8.dir/CMakeFortranCompilerABI.F.o
/home/t2k/aspeers/Highland_Installs/HighLAND_2.89/nd280SoftwarePilot/scripts/gfortran   -v -c /usr/share/cmake3/Modules/CMakeFortranCompilerABI.F -o CMakeFiles/cmTC_be5b8.dir/CMakeFortranCompilerABI.F.o
Using built-in specs.
COLLECT_GCC=/home/t2k/aspeers/Highland_Installs/HighLAND_2.89/nd280SoftwarePilot/scripts/gfortran
Target: x86_64-redhat-linux
Configured with: ../configure --prefix=/usr --mandir=/usr/share/man --infodir=/usr/share/info --with-bugurl=http://bugzilla.redhat.com/bugzilla --enable-bootstrap --enable-shared --enable-threads=posix --enable-checking=release --with-system-zlib --enable-__cxa_atexit --disable-libunwind-exceptions --enable-gnu-unique-object --enable-linker-build-id --with-linker-hash-style=gnu --enable-languages=c,c++,objc,obj-c++,java,fortran,ada,go,lto --enable-plugin --enable-initfini-array --disable-libgcj --with-isl=/builddir/build/BUILD/gcc-4.8.5-20150702/obj-x86_64-redhat-linux/isl-install --with-cloog=/builddir/build/BUILD/gcc-4.8.5-20150702/obj-x86_64-redhat-linux/cloog-install --enable-gnu-indirect-function --with-tune=generic --with-arch_32=x86-64 --build=x86_64-redhat-linux
Thread model: posix
gcc version 4.8.5 20150623 (Red Hat 4.8.5-44) (GCC) 
COLLECT_GCC_OPTIONS='-v' '-c' '-o' 'CMakeFiles/cmTC_be5b8.dir/CMakeFortranCompilerABI.F.o' '-mtune=generic' '-march=x86-64'
 /usr/libexec/gcc/x86_64-redhat-linux/4.8.5/f951 /usr/share/cmake3/Modules/CMakeFortranCompilerABI.F -ffixed-form -cpp=/tmp/ccpQBvJO.f90 -quiet -v /usr/share/cmake3/Modules/CMakeFortranCompilerABI.F -quiet -dumpbase CMakeFortranCompilerABI.F -mtune=generic -march=x86-64 -auxbase-strip CMakeFiles/cmTC_be5b8.dir/CMakeFortranCompilerABI.F.o -version -fintrinsic-modules-path /usr/lib/gcc/x86_64-redhat-linux/4.8.5/finclude -o /tmp/ccU4WsyK.s
GNU Fortran (GCC) version 4.8.5 20150623 (Red Hat 4.8.5-44) (x86_64-redhat-linux)
	compiled by GNU C version 4.8.5 20150623 (Red Hat 4.8.5-44), GMP version 6.0.0, MPFR version 3.1.1, MPC version 1.0.1
GGC heuristics: --param ggc-min-expand=100 --param ggc-min-heapsize=131072
ignoring nonexistent directory "/usr/lib/gcc/x86_64-redhat-linux/4.8.5/include-fixed"
ignoring nonexistent directory "/usr/lib/gcc/x86_64-redhat-linux/4.8.5/../../../../x86_64-redhat-linux/include"
#include "..." search starts here:
#include <...> search starts here:
 /usr/lib/gcc/x86_64-redhat-linux/4.8.5/finclude
 /usr/lib/gcc/x86_64-redhat-linux/4.8.5/include
 /usr/local/include
 /usr/include
End of search list.
GNU Fortran (GCC) version 4.8.5 20150623 (Red Hat 4.8.5-44) (x86_64-redhat-linux)
	compiled by GNU C version 4.8.5 20150623 (Red Hat 4.8.5-44), GMP version 6.0.0, MPFR version 3.1.1, MPC version 1.0.1
GGC heuristics: --param ggc-min-expand=100 --param ggc-min-heapsize=131072
COLLECT_GCC_OPTIONS='-v' '-c' '-o' 'CMakeFiles/cmTC_be5b8.dir/CMakeFortranCompilerABI.F.o' '-mtune=generic' '-march=x86-64'
 as -v --64 -o CMakeFiles/cmTC_be5b8.dir/CMakeFortranCompilerABI.F.o /tmp/ccU4WsyK.s
GNU assembler version 2.27 (x86_64-redhat-linux) using BFD version version 2.27-44.base.el7_9.1
COMPILER_PATH=/usr/libexec/gcc/x86_64-redhat-linux/4.8.5/:/usr/libexec/gcc/x86_64-redhat-linux/4.8.5/:/usr/libexec/gcc/x86_64-redhat-linux/:/usr/lib/gcc/x86_64-redhat-linux/4.8.5/:/usr/lib/gcc/x86_64-redhat-linux/
LIBRARY_PATH=/usr/lib/gcc/x86_64-redhat-linux/4.8.5/:/usr/lib/gcc/x86_64-redhat-linux/4.8.5/../../../../lib64/:/lib/../lib64/:/usr/lib/../lib64/:/usr/lib/gcc/x86_64-redhat-linux/4.8.5/../../../:/lib/:/usr/lib/
COLLECT_GCC_OPTIONS='-v' '-c' '-o' 'CMakeFiles/cmTC_be5b8.dir/CMakeFortranCompilerABI.F.o' '-mtune=generic' '-march=x86-64'
Linking Fortran executable cmTC_be5b8
/usr/bin/cmake3 -E cmake_link_script CMakeFiles/cmTC_be5b8.dir/link.txt --verbose=1
/home/t2k/aspeers/Highland_Installs/HighLAND_2.89/nd280SoftwarePilot/scripts/gfortran   -v   CMakeFiles/cmTC_be5b8.dir/CMakeFortranCompilerABI.F.o  -o cmTC_be5b8 
Driving: /home/t2k/aspeers/Highland_Installs/HighLAND_2.89/nd280SoftwarePilot/scripts/gfortran -v CMakeFiles/cmTC_be5b8.dir/CMakeFortranCompilerABI.F.o -o cmTC_be5b8 -l gfortran -l m -shared-libgcc
Using built-in specs.
COLLECT_GCC=/home/t2k/aspeers/Highland_Installs/HighLAND_2.89/nd280SoftwarePilot/scripts/gfortran
COLLECT_LTO_WRAPPER=/usr/libexec/gcc/x86_64-redhat-linux/4.8.5/lto-wrapper
Target: x86_64-redhat-linux
Configured with: ../configure --prefix=/usr --mandir=/usr/share/man --infodir=/usr/share/info --with-bugurl=http://bugzilla.redhat.com/bugzilla --enable-bootstrap --enable-shared --enable-threads=posix --enable-checking=release --with-system-zlib --enable-__cxa_atexit --disable-libunwind-exceptions --enable-gnu-unique-object --enable-linker-build-id --with-linker-hash-style=gnu --enable-languages=c,c++,objc,obj-c++,java,fortran,ada,go,lto --enable-plugin --enable-initfini-array --disable-libgcj --with-isl=/builddir/build/BUILD/gcc-4.8.5-20150702/obj-x86_64-redhat-linux/isl-install --with-cloog=/builddir/build/BUILD/gcc-4.8.5-20150702/obj-x86_64-redhat-linux/cloog-install --enable-gnu-indirect-function --with-tune=generic --with-arch_32=x86-64 --build=x86_64-redhat-linux
Thread model: posix
gcc version 4.8.5 20150623 (Red Hat 4.8.5-44) (GCC) 
Reading specs from /usr/lib/gcc/x86_64-redhat-linux/4.8.5/libgfortran.spec
rename spec lib to liborig
COLLECT_GCC_OPTIONS='-v' '-o' 'cmTC_be5b8' '-shared-libgcc' '-mtune=generic' '-march=x86-64'
COMPILER_PATH=/usr/libexec/gcc/x86_64-redhat-linux/4.8.5/:/usr/libexec/gcc/x86_64-redhat-linux/4.8.5/:/usr/libexec/gcc/x86_64-redhat-linux/:/usr/lib/gcc/x86_64-redhat-linux/4.8.5/:/usr/lib/gcc/x86_64-redhat-linux/
LIBRARY_PATH=/usr/lib/gcc/x86_64-redhat-linux/4.8.5/:/usr/lib/gcc/x86_64-redhat-linux/4.8.5/../../../../lib64/:/lib/../lib64/:/usr/lib/../lib64/:/usr/lib/gcc/x86_64-redhat-linux/4.8.5/../../../:/lib/:/usr/lib/
COLLECT_GCC_OPTIONS='-v' '-o' 'cmTC_be5b8' '-shared-libgcc' '-mtune=generic' '-march=x86-64'
 /usr/libexec/gcc/x86_64-redhat-linux/4.8.5/collect2 --build-id --no-add-needed --eh-frame-hdr --hash-style=gnu -m elf_x86_64 -dynamic-linker /lib64/ld-linux-x86-64.so.2 -o cmTC_be5b8 /usr/lib/gcc/x86_64-redhat-linux/4.8.5/../../../../lib64/crt1.o /usr/lib/gcc/x86_64-redhat-linux/4.8.5/../../../../lib64/crti.o /usr/lib/gcc/x86_64-redhat-linux/4.8.5/crtbegin.o -L/usr/lib/gcc/x86_64-redhat-linux/4.8.5 -L/usr/lib/gcc/x86_64-redhat-linux/4.8.5/../../../../lib64 -L/lib/../lib64 -L/usr/lib/../lib64 -L/usr/lib/gcc/x86_64-redhat-linux/4.8.5/../../.. CMakeFiles/cmTC_be5b8.dir/CMakeFortranCompilerABI.F.o -lgfortran -lm -lgcc_s -lgcc -lquadmath -lm -lgcc_s -lgcc -lc -lgcc_s -lgcc /usr/lib/gcc/x86_64-redhat-linux/4.8.5/crtend.o /usr/lib/gcc/x86_64-redhat-linux/4.8.5/../../../../lib64/crtn.o
gmake[4]: Leaving directory `/home/t2k/aspeers/Highland_Installs/HighLAND_2.89/ROOT_5.34.34.00/Linux-CentOS_7-gcc_4.8-x86_64/tmp_build/CMakeFiles/CMakeTmp'
gmake[3]: Leaving directory `/home/t2k/aspeers/Highland_Installs/HighLAND_2.89/ROOT_5.34.34.00/Linux-CentOS_7-gcc_4.8-x86_64/tmp_build/CMakeFiles/CMakeTmp'



Parsed Fortran implicit include dir info from above output: rv=done
  found start of include info
  found start of implicit include info
    add: [/usr/lib/gcc/x86_64-redhat-linux/4.8.5/finclude]
    add: [/usr/lib/gcc/x86_64-redhat-linux/4.8.5/include]
    add: [/usr/local/include]
    add: [/usr/include]
  end of search list found
  collapse include dir [/usr/lib/gcc/x86_64-redhat-linux/4.8.5/finclude] ==> [/usr/lib/gcc/x86_64-redhat-linux/4.8.5/finclude]
  collapse include dir [/usr/lib/gcc/x86_64-redhat-linux/4.8.5/include] ==> [/usr/lib/gcc/x86_64-redhat-linux/4.8.5/include]
  collapse include dir [/usr/local/include] ==> [/usr/local/include]
  collapse include dir [/usr/include] ==> [/usr/include]
  implicit include dirs: [/usr/lib/gcc/x86_64-redhat-linux/4.8.5/finclude;/usr/lib/gcc/x86_64-redhat-linux/4.8.5/include;/usr/local/include;/usr/include]


Parsed Fortran implicit link information from above output:
  link line regex: [^( *|.*[/\])(ld|CMAKE_LINK_STARTFILE-NOTFOUND|([^/\]+-)?ld|collect2)[^/\]*( |$)]
  ignore line: [Change Dir: /home/t2k/aspeers/Highland_Installs/HighLAND_2.89/ROOT_5.34.34.00/Linux-CentOS_7-gcc_4.8-x86_64/tmp_build/CMakeFiles/CMakeTmp]
  ignore line: []
  ignore line: [Run Build Command(s):/home/t2k/aspeers/Highland_Installs/HighLAND_2.89/nd280SoftwarePilot/scripts/gmake cmTC_be5b8/fast && gmake[3]: Entering directory `/home/t2k/aspeers/Highland_Installs/HighLAND_2.89/ROOT_5.34.34.00/Linux-CentOS_7-gcc_4.8-x86_64/tmp_build/CMakeFiles/CMakeTmp']
  ignore line: [/home/t2k/aspeers/Highland_Installs/HighLAND_2.89/nd280SoftwarePilot/scripts/gmake  -f CMakeFiles/cmTC_be5b8.dir/build.make CMakeFiles/cmTC_be5b8.dir/build]
  ignore line: [gmake[4]: Entering directory `/home/t2k/aspeers/Highland_Installs/HighLAND_2.89/ROOT_5.34.34.00/Linux-CentOS_7-gcc_4.8-x86_64/tmp_build/CMakeFiles/CMakeTmp']
  ignore line: [Building Fortran object CMakeFiles/cmTC_be5b8.dir/CMakeFortranCompilerABI.F.o]
  ignore line: [/home/t2k/aspeers/Highland_Installs/HighLAND_2.89/nd280SoftwarePilot/scripts/gfortran   -v -c /usr/share/cmake3/Modules/CMakeFortranCompilerABI.F -o CMakeFiles/cmTC_be5b8.dir/CMakeFortranCompilerABI.F.o]
  ignore line: [Using built-in specs.]
  ignore line: [COLLECT_GCC=/home/t2k/aspeers/Highland_Installs/HighLAND_2.89/nd280SoftwarePilot/scripts/gfortran]
  ignore line: [Target: x86_64-redhat-linux]
  ignore line: [Configured with: ../configure --prefix=/usr --mandir=/usr/share/man --infodir=/usr/share/info --with-bugurl=http://bugzilla.redhat.com/bugzilla --enable-bootstrap --enable-shared --enable-threads=posix --enable-checking=release --with-system-zlib --enable-__cxa_atexit --disable-libunwind-exceptions --enable-gnu-unique-object --enable-linker-build-id --with-linker-hash-style=gnu --enable-languages=c c++ objc obj-c++ java fortran ada go lto --enable-plugin --enable-initfini-array --disable-libgcj --with-isl=/builddir/build/BUILD/gcc-4.8.5-20150702/obj-x86_64-redhat-linux/isl-install --with-cloog=/builddir/build/BUILD/gcc-4.8.5-20150702/obj-x86_64-redhat-linux/cloog-install --enable-gnu-indirect-function --with-tune=generic --with-arch_32=x86-64 --build=x86_64-redhat-linux]
  ignore line: [Thread model: posix]
  ignore line: [gcc version 4.8.5 20150623 (Red Hat 4.8.5-44) (GCC) ]
  ignore line: [COLLECT_GCC_OPTIONS='-v' '-c' '-o' 'CMakeFiles/cmTC_be5b8.dir/CMakeFortranCompilerABI.F.o' '-mtune=generic' '-march=x86-64']
  ignore line: [ /usr/libexec/gcc/x86_64-redhat-linux/4.8.5/f951 /usr/share/cmake3/Modules/CMakeFortranCompilerABI.F -ffixed-form -cpp=/tmp/ccpQBvJO.f90 -quiet -v /usr/share/cmake3/Modules/CMakeFortranCompilerABI.F -quiet -dumpbase CMakeFortranCompilerABI.F -mtune=generic -march=x86-64 -auxbase-strip CMakeFiles/cmTC_be5b8.dir/CMakeFortranCompilerABI.F.o -version -fintrinsic-modules-path /usr/lib/gcc/x86_64-redhat-linux/4.8.5/finclude -o /tmp/ccU4WsyK.s]
  ignore line: [GNU Fortran (GCC) version 4.8.5 20150623 (Red Hat 4.8.5-44) (x86_64-redhat-linux)]
  ignore line: [	compiled by GNU C version 4.8.5 20150623 (Red Hat 4.8.5-44)  GMP version 6.0.0  MPFR version 3.1.1  MPC version 1.0.1]
  ignore line: [GGC heuristics: --param ggc-min-expand=100 --param ggc-min-heapsize=131072]
  ignore line: [ignoring nonexistent directory "/usr/lib/gcc/x86_64-redhat-linux/4.8.5/include-fixed"]
  ignore line: [ignoring nonexistent directory "/usr/lib/gcc/x86_64-redhat-linux/4.8.5/../../../../x86_64-redhat-linux/include"]
  ignore line: [#include "..." search starts here:]
  ignore line: [#include <...> search starts here:]
  ignore line: [ /usr/lib/gcc/x86_64-redhat-linux/4.8.5/finclude]
  ignore line: [ /usr/lib/gcc/x86_64-redhat-linux/4.8.5/include]
  ignore line: [ /usr/local/include]
  ignore line: [ /usr/include]
  ignore line: [End of search list.]
  ignore line: [GNU Fortran (GCC) version 4.8.5 20150623 (Red Hat 4.8.5-44) (x86_64-redhat-linux)]
  ignore line: [	compiled by GNU C version 4.8.5 20150623 (Red Hat 4.8.5-44)  GMP version 6.0.0  MPFR version 3.1.1  MPC version 1.0.1]
  ignore line: [GGC heuristics: --param ggc-min-expand=100 --param ggc-min-heapsize=131072]
  ignore line: [COLLECT_GCC_OPTIONS='-v' '-c' '-o' 'CMakeFiles/cmTC_be5b8.dir/CMakeFortranCompilerABI.F.o' '-mtune=generic' '-march=x86-64']
  ignore line: [ as -v --64 -o CMakeFiles/cmTC_be5b8.dir/CMakeFortranCompilerABI.F.o /tmp/ccU4WsyK.s]
  ignore line: [GNU assembler version 2.27 (x86_64-redhat-linux) using BFD version version 2.27-44.base.el7_9.1]
  ignore line: [COMPILER_PATH=/usr/libexec/gcc/x86_64-redhat-linux/4.8.5/:/usr/libexec/gcc/x86_64-redhat-linux/4.8.5/:/usr/libexec/gcc/x86_64-redhat-linux/:/usr/lib/gcc/x86_64-redhat-linux/4.8.5/:/usr/lib/gcc/x86_64-redhat-linux/]
  ignore line: [LIBRARY_PATH=/usr/lib/gcc/x86_64-redhat-linux/4.8.5/:/usr/lib/gcc/x86_64-redhat-linux/4.8.5/../../../../lib64/:/lib/../lib64/:/usr/lib/../lib64/:/usr/lib/gcc/x86_64-redhat-linux/4.8.5/../../../:/lib/:/usr/lib/]
  ignore line: [COLLECT_GCC_OPTIONS='-v' '-c' '-o' 'CMakeFiles/cmTC_be5b8.dir/CMakeFortranCompilerABI.F.o' '-mtune=generic' '-march=x86-64']
  ignore line: [Linking Fortran executable cmTC_be5b8]
  ignore line: [/usr/bin/cmake3 -E cmake_link_script CMakeFiles/cmTC_be5b8.dir/link.txt --verbose=1]
  ignore line: [/home/t2k/aspeers/Highland_Installs/HighLAND_2.89/nd280SoftwarePilot/scripts/gfortran   -v   CMakeFiles/cmTC_be5b8.dir/CMakeFortranCompilerABI.F.o  -o cmTC_be5b8 ]
  ignore line: [Driving: /home/t2k/aspeers/Highland_Installs/HighLAND_2.89/nd280SoftwarePilot/scripts/gfortran -v CMakeFiles/cmTC_be5b8.dir/CMakeFortranCompilerABI.F.o -o cmTC_be5b8 -l gfortran -l m -shared-libgcc]
  ignore line: [Using built-in specs.]
  ignore line: [COLLECT_GCC=/home/t2k/aspeers/Highland_Installs/HighLAND_2.89/nd280SoftwarePilot/scripts/gfortran]
  ignore line: [COLLECT_LTO_WRAPPER=/usr/libexec/gcc/x86_64-redhat-linux/4.8.5/lto-wrapper]
  ignore line: [Target: x86_64-redhat-linux]
  ignore line: [Configured with: ../configure --prefix=/usr --mandir=/usr/share/man --infodir=/usr/share/info --with-bugurl=http://bugzilla.redhat.com/bugzilla --enable-bootstrap --enable-shared --enable-threads=posix --enable-checking=release --with-system-zlib --enable-__cxa_atexit --disable-libunwind-exceptions --enable-gnu-unique-object --enable-linker-build-id --with-linker-hash-style=gnu --enable-languages=c c++ objc obj-c++ java fortran ada go lto --enable-plugin --enable-initfini-array --disable-libgcj --with-isl=/builddir/build/BUILD/gcc-4.8.5-20150702/obj-x86_64-redhat-linux/isl-install --with-cloog=/builddir/build/BUILD/gcc-4.8.5-20150702/obj-x86_64-redhat-linux/cloog-install --enable-gnu-indirect-function --with-tune=generic --with-arch_32=x86-64 --build=x86_64-redhat-linux]
  ignore line: [Thread model: posix]
  ignore line: [gcc version 4.8.5 20150623 (Red Hat 4.8.5-44) (GCC) ]
  ignore line: [Reading specs from /usr/lib/gcc/x86_64-redhat-linux/4.8.5/libgfortran.spec]
  ignore line: [rename spec lib to liborig]
  ignore line: [COLLECT_GCC_OPTIONS='-v' '-o' 'cmTC_be5b8' '-shared-libgcc' '-mtune=generic' '-march=x86-64']
  ignore line: [COMPILER_PATH=/usr/libexec/gcc/x86_64-redhat-linux/4.8.5/:/usr/libexec/gcc/x86_64-redhat-linux/4.8.5/:/usr/libexec/gcc/x86_64-redhat-linux/:/usr/lib/gcc/x86_64-redhat-linux/4.8.5/:/usr/lib/gcc/x86_64-redhat-linux/]
  ignore line: [LIBRARY_PATH=/usr/lib/gcc/x86_64-redhat-linux/4.8.5/:/usr/lib/gcc/x86_64-redhat-linux/4.8.5/../../../../lib64/:/lib/../lib64/:/usr/lib/../lib64/:/usr/lib/gcc/x86_64-redhat-linux/4.8.5/../../../:/lib/:/usr/lib/]
  ignore line: [COLLECT_GCC_OPTIONS='-v' '-o' 'cmTC_be5b8' '-shared-libgcc' '-mtune=generic' '-march=x86-64']
  link line: [ /usr/libexec/gcc/x86_64-redhat-linux/4.8.5/collect2 --build-id --no-add-needed --eh-frame-hdr --hash-style=gnu -m elf_x86_64 -dynamic-linker /lib64/ld-linux-x86-64.so.2 -o cmTC_be5b8 /usr/lib/gcc/x86_64-redhat-linux/4.8.5/../../../../lib64/crt1.o /usr/lib/gcc/x86_64-redhat-linux/4.8.5/../../../../lib64/crti.o /usr/lib/gcc/x86_64-redhat-linux/4.8.5/crtbegin.o -L/usr/lib/gcc/x86_64-redhat-linux/4.8.5 -L/usr/lib/gcc/x86_64-redhat-linux/4.8.5/../../../../lib64 -L/lib/../lib64 -L/usr/lib/../lib64 -L/usr/lib/gcc/x86_64-redhat-linux/4.8.5/../../.. CMakeFiles/cmTC_be5b8.dir/CMakeFortranCompilerABI.F.o -lgfortran -lm -lgcc_s -lgcc -lquadmath -lm -lgcc_s -lgcc -lc -lgcc_s -lgcc /usr/lib/gcc/x86_64-redhat-linux/4.8.5/crtend.o /usr/lib/gcc/x86_64-redhat-linux/4.8.5/../../../../lib64/crtn.o]
    arg [/usr/libexec/gcc/x86_64-redhat-linux/4.8.5/collect2] ==> ignore
    arg [--build-id] ==> ignore
    arg [--no-add-needed] ==> ignore
    arg [--eh-frame-hdr] ==> ignore
    arg [--hash-style=gnu] ==> ignore
    arg [-m] ==> ignore
    arg [elf_x86_64] ==> ignore
    arg [-dynamic-linker] ==> ignore
    arg [/lib64/ld-linux-x86-64.so.2] ==> ignore
    arg [-o] ==> ignore
    arg [cmTC_be5b8] ==> ignore
    arg [/usr/lib/gcc/x86_64-redhat-linux/4.8.5/../../../../lib64/crt1.o] ==> ignore
    arg [/usr/lib/gcc/x86_64-redhat-linux/4.8.5/../../../../lib64/crti.o] ==> ignore
    arg [/usr/lib/gcc/x86_64-redhat-linux/4.8.5/crtbegin.o] ==> ignore
    arg [-L/usr/lib/gcc/x86_64-redhat-linux/4.8.5] ==> dir [/usr/lib/gcc/x86_64-redhat-linux/4.8.5]
    arg [-L/usr/lib/gcc/x86_64-redhat-linux/4.8.5/../../../../lib64] ==> dir [/usr/lib/gcc/x86_64-redhat-linux/4.8.5/../../../../lib64]
    arg [-L/lib/../lib64] ==> dir [/lib/../lib64]
    arg [-L/usr/lib/../lib64] ==> dir [/usr/lib/../lib64]
    arg [-L/usr/lib/gcc/x86_64-redhat-linux/4.8.5/../../..] ==> dir [/usr/lib/gcc/x86_64-redhat-linux/4.8.5/../../..]
    arg [CMakeFiles/cmTC_be5b8.dir/CMakeFortranCompilerABI.F.o] ==> ignore
    arg [-lgfortran] ==> lib [gfortran]
    arg [-lm] ==> lib [m]
    arg [-lgcc_s] ==> lib [gcc_s]
    arg [-lgcc] ==> lib [gcc]
    arg [-lquadmath] ==> lib [quadmath]
    arg [-lm] ==> lib [m]
    arg [-lgcc_s] ==> lib [gcc_s]
    arg [-lgcc] ==> lib [gcc]
    arg [-lc] ==> lib [c]
    arg [-lgcc_s] ==> lib [gcc_s]
    arg [-lgcc] ==> lib [gcc]
    arg [/usr/lib/gcc/x86_64-redhat-linux/4.8.5/crtend.o] ==> ignore
    arg [/usr/lib/gcc/x86_64-redhat-linux/4.8.5/../../../../lib64/crtn.o] ==> ignore
  collapse library dir [/usr/lib/gcc/x86_64-redhat-linux/4.8.5] ==> [/usr/lib/gcc/x86_64-redhat-linux/4.8.5]
  collapse library dir [/usr/lib/gcc/x86_64-redhat-linux/4.8.5/../../../../lib64] ==> [/usr/lib64]
  collapse library dir [/lib/../lib64] ==> [/lib64]
  collapse library dir [/usr/lib/../lib64] ==> [/usr/lib64]
  collapse library dir [/usr/lib/gcc/x86_64-redhat-linux/4.8.5/../../..] ==> [/usr/lib]
  implicit libs: [gfortran;m;gcc_s;gcc;quadmath;m;gcc_s;gcc;c;gcc_s;gcc]
  implicit dirs: [/usr/lib/gcc/x86_64-redhat-linux/4.8.5;/usr/lib64;/lib64;/usr/lib]
  implicit fwks: []


Determining if the Fortran compiler supports Fortran 90 passed with the following output:
Change Dir: /home/t2k/aspeers/Highland_Installs/HighLAND_2.89/ROOT_5.34.34.00/Linux-CentOS_7-gcc_4.8-x86_64/tmp_build/CMakeFiles/CMakeTmp

Run Build Command(s):/home/t2k/aspeers/Highland_Installs/HighLAND_2.89/nd280SoftwarePilot/scripts/gmake cmTC_c39aa/fast && gmake[3]: Entering directory `/home/t2k/aspeers/Highland_Installs/HighLAND_2.89/ROOT_5.34.34.00/Linux-CentOS_7-gcc_4.8-x86_64/tmp_build/CMakeFiles/CMakeTmp'
/home/t2k/aspeers/Highland_Installs/HighLAND_2.89/nd280SoftwarePilot/scripts/gmake  -f CMakeFiles/cmTC_c39aa.dir/build.make CMakeFiles/cmTC_c39aa.dir/build
gmake[4]: Entering directory `/home/t2k/aspeers/Highland_Installs/HighLAND_2.89/ROOT_5.34.34.00/Linux-CentOS_7-gcc_4.8-x86_64/tmp_build/CMakeFiles/CMakeTmp'
Building Fortran object CMakeFiles/cmTC_c39aa.dir/testFortranCompilerF90.f90.o
/home/t2k/aspeers/Highland_Installs/HighLAND_2.89/nd280SoftwarePilot/scripts/gfortran    -c /home/t2k/aspeers/Highland_Installs/HighLAND_2.89/ROOT_5.34.34.00/Linux-CentOS_7-gcc_4.8-x86_64/tmp_build/CMakeFiles/CMakeTmp/testFortranCompilerF90.f90 -o CMakeFiles/cmTC_c39aa.dir/testFortranCompilerF90.f90.o
Linking Fortran executable cmTC_c39aa
/usr/bin/cmake3 -E cmake_link_script CMakeFiles/cmTC_c39aa.dir/link.txt --verbose=1
/home/t2k/aspeers/Highland_Installs/HighLAND_2.89/nd280SoftwarePilot/scripts/gfortran      CMakeFiles/cmTC_c39aa.dir/testFortranCompilerF90.f90.o  -o cmTC_c39aa 
gmake[4]: Leaving directory `/home/t2k/aspeers/Highland_Installs/HighLAND_2.89/ROOT_5.34.34.00/Linux-CentOS_7-gcc_4.8-x86_64/tmp_build/CMakeFiles/CMakeTmp'
gmake[3]: Leaving directory `/home/t2k/aspeers/Highland_Installs/HighLAND_2.89/ROOT_5.34.34.00/Linux-CentOS_7-gcc_4.8-x86_64/tmp_build/CMakeFiles/CMakeTmp'



Performing C++ SOURCE FILE Test CXX_HAS_Wno-array-bounds succeeded with the following output:
Change Dir: /home/t2k/aspeers/Highland_Installs/HighLAND_2.89/ROOT_5.34.34.00/Linux-CentOS_7-gcc_4.8-x86_64/tmp_build/CMakeFiles/CMakeTmp

Run Build Command(s):/home/t2k/aspeers/Highland_Installs/HighLAND_2.89/nd280SoftwarePilot/scripts/gmake cmTC_23579/fast && gmake[3]: Entering directory `/home/t2k/aspeers/Highland_Installs/HighLAND_2.89/ROOT_5.34.34.00/Linux-CentOS_7-gcc_4.8-x86_64/tmp_build/CMakeFiles/CMakeTmp'
/home/t2k/aspeers/Highland_Installs/HighLAND_2.89/nd280SoftwarePilot/scripts/gmake  -f CMakeFiles/cmTC_23579.dir/build.make CMakeFiles/cmTC_23579.dir/build
gmake[4]: Entering directory `/home/t2k/aspeers/Highland_Installs/HighLAND_2.89/ROOT_5.34.34.00/Linux-CentOS_7-gcc_4.8-x86_64/tmp_build/CMakeFiles/CMakeTmp'
Building CXX object CMakeFiles/cmTC_23579.dir/src.cxx.o
/home/t2k/aspeers/Highland_Installs/HighLAND_2.89/nd280SoftwarePilot/scripts/c++    -DCXX_HAS_Wno-array-bounds   -Wno-array-bounds -o CMakeFiles/cmTC_23579.dir/src.cxx.o -c /home/t2k/aspeers/Highland_Installs/HighLAND_2.89/ROOT_5.34.34.00/Linux-CentOS_7-gcc_4.8-x86_64/tmp_build/CMakeFiles/CMakeTmp/src.cxx
<command-line>:0:12: warning: missing whitespace after the macro name [enabled by default]
Linking CXX executable cmTC_23579
/usr/bin/cmake3 -E cmake_link_script CMakeFiles/cmTC_23579.dir/link.txt --verbose=1
/home/t2k/aspeers/Highland_Installs/HighLAND_2.89/nd280SoftwarePilot/scripts/c++   -DCXX_HAS_Wno-array-bounds    -rdynamic CMakeFiles/cmTC_23579.dir/src.cxx.o  -o cmTC_23579 
gmake[4]: Leaving directory `/home/t2k/aspeers/Highland_Installs/HighLAND_2.89/ROOT_5.34.34.00/Linux-CentOS_7-gcc_4.8-x86_64/tmp_build/CMakeFiles/CMakeTmp'
gmake[3]: Leaving directory `/home/t2k/aspeers/Highland_Installs/HighLAND_2.89/ROOT_5.34.34.00/Linux-CentOS_7-gcc_4.8-x86_64/tmp_build/CMakeFiles/CMakeTmp'


Source file was:
int main() { return 0;}
Performing C++ SOURCE FILE Test CXX_HAS_Wno-strict-aliasing succeeded with the following output:
Change Dir: /home/t2k/aspeers/Highland_Installs/HighLAND_2.89/ROOT_5.34.34.00/Linux-CentOS_7-gcc_4.8-x86_64/tmp_build/CMakeFiles/CMakeTmp

Run Build Command(s):/home/t2k/aspeers/Highland_Installs/HighLAND_2.89/nd280SoftwarePilot/scripts/gmake cmTC_5f68e/fast && gmake[3]: Entering directory `/home/t2k/aspeers/Highland_Installs/HighLAND_2.89/ROOT_5.34.34.00/Linux-CentOS_7-gcc_4.8-x86_64/tmp_build/CMakeFiles/CMakeTmp'
/home/t2k/aspeers/Highland_Installs/HighLAND_2.89/nd280SoftwarePilot/scripts/gmake  -f CMakeFiles/cmTC_5f68e.dir/build.make CMakeFiles/cmTC_5f68e.dir/build
gmake[4]: Entering directory `/home/t2k/aspeers/Highland_Installs/HighLAND_2.89/ROOT_5.34.34.00/Linux-CentOS_7-gcc_4.8-x86_64/tmp_build/CMakeFiles/CMakeTmp'
Building CXX object CMakeFiles/cmTC_5f68e.dir/src.cxx.o
/home/t2k/aspeers/Highland_Installs/HighLAND_2.89/nd280SoftwarePilot/scripts/c++    -DCXX_HAS_Wno-strict-aliasing   -Wno-strict-aliasing -o CMakeFiles/cmTC_5f68e.dir/src.cxx.o -c /home/t2k/aspeers/Highland_Installs/HighLAND_2.89/ROOT_5.34.34.00/Linux-CentOS_7-gcc_4.8-x86_64/tmp_build/CMakeFiles/CMakeTmp/src.cxx
<command-line>:0:12: warning: missing whitespace after the macro name [enabled by default]
Linking CXX executable cmTC_5f68e
/usr/bin/cmake3 -E cmake_link_script CMakeFiles/cmTC_5f68e.dir/link.txt --verbose=1
/home/t2k/aspeers/Highland_Installs/HighLAND_2.89/nd280SoftwarePilot/scripts/c++   -DCXX_HAS_Wno-strict-aliasing    -rdynamic CMakeFiles/cmTC_5f68e.dir/src.cxx.o  -o cmTC_5f68e 
gmake[4]: Leaving directory `/home/t2k/aspeers/Highland_Installs/HighLAND_2.89/ROOT_5.34.34.00/Linux-CentOS_7-gcc_4.8-x86_64/tmp_build/CMakeFiles/CMakeTmp'
gmake[3]: Leaving directory `/home/t2k/aspeers/Highland_Installs/HighLAND_2.89/ROOT_5.34.34.00/Linux-CentOS_7-gcc_4.8-x86_64/tmp_build/CMakeFiles/CMakeTmp'


Source file was:
int main() { return 0;}
Determining if the include file pthread.h exists passed with the following output:
Change Dir: /home/t2k/aspeers/Highland_Installs/HighLAND_2.89/ROOT_5.34.34.00/Linux-CentOS_7-gcc_4.8-x86_64/tmp_build/CMakeFiles/CMakeTmp

Run Build Command(s):/home/t2k/aspeers/Highland_Installs/HighLAND_2.89/nd280SoftwarePilot/scripts/gmake cmTC_1e1f6/fast && gmake[3]: Entering directory `/home/t2k/aspeers/Highland_Installs/HighLAND_2.89/ROOT_5.34.34.00/Linux-CentOS_7-gcc_4.8-x86_64/tmp_build/CMakeFiles/CMakeTmp'
/home/t2k/aspeers/Highland_Installs/HighLAND_2.89/nd280SoftwarePilot/scripts/gmake  -f CMakeFiles/cmTC_1e1f6.dir/build.make CMakeFiles/cmTC_1e1f6.dir/build
gmake[4]: Entering directory `/home/t2k/aspeers/Highland_Installs/HighLAND_2.89/ROOT_5.34.34.00/Linux-CentOS_7-gcc_4.8-x86_64/tmp_build/CMakeFiles/CMakeTmp'
Building C object CMakeFiles/cmTC_1e1f6.dir/CheckIncludeFile.c.o
/home/t2k/aspeers/Highland_Installs/HighLAND_2.89/nd280SoftwarePilot/scripts/cc    -o CMakeFiles/cmTC_1e1f6.dir/CheckIncludeFile.c.o   -c /home/t2k/aspeers/Highland_Installs/HighLAND_2.89/ROOT_5.34.34.00/Linux-CentOS_7-gcc_4.8-x86_64/tmp_build/CMakeFiles/CMakeTmp/CheckIncludeFile.c
Linking C executable cmTC_1e1f6
/usr/bin/cmake3 -E cmake_link_script CMakeFiles/cmTC_1e1f6.dir/link.txt --verbose=1
/home/t2k/aspeers/Highland_Installs/HighLAND_2.89/nd280SoftwarePilot/scripts/cc      -rdynamic CMakeFiles/cmTC_1e1f6.dir/CheckIncludeFile.c.o  -o cmTC_1e1f6 
gmake[4]: Leaving directory `/home/t2k/aspeers/Highland_Installs/HighLAND_2.89/ROOT_5.34.34.00/Linux-CentOS_7-gcc_4.8-x86_64/tmp_build/CMakeFiles/CMakeTmp'
gmake[3]: Leaving directory `/home/t2k/aspeers/Highland_Installs/HighLAND_2.89/ROOT_5.34.34.00/Linux-CentOS_7-gcc_4.8-x86_64/tmp_build/CMakeFiles/CMakeTmp'



Determining if the function pthread_create exists in the pthread passed with the following output:
Change Dir: /home/t2k/aspeers/Highland_Installs/HighLAND_2.89/ROOT_5.34.34.00/Linux-CentOS_7-gcc_4.8-x86_64/tmp_build/CMakeFiles/CMakeTmp

Run Build Command(s):/home/t2k/aspeers/Highland_Installs/HighLAND_2.89/nd280SoftwarePilot/scripts/gmake cmTC_37449/fast && gmake[3]: Entering directory `/home/t2k/aspeers/Highland_Installs/HighLAND_2.89/ROOT_5.34.34.00/Linux-CentOS_7-gcc_4.8-x86_64/tmp_build/CMakeFiles/CMakeTmp'
/home/t2k/aspeers/Highland_Installs/HighLAND_2.89/nd280SoftwarePilot/scripts/gmake  -f CMakeFiles/cmTC_37449.dir/build.make CMakeFiles/cmTC_37449.dir/build
gmake[4]: Entering directory `/home/t2k/aspeers/Highland_Installs/HighLAND_2.89/ROOT_5.34.34.00/Linux-CentOS_7-gcc_4.8-x86_64/tmp_build/CMakeFiles/CMakeTmp'
Building C object CMakeFiles/cmTC_37449.dir/CheckFunctionExists.c.o
/home/t2k/aspeers/Highland_Installs/HighLAND_2.89/nd280SoftwarePilot/scripts/cc   -DCHECK_FUNCTION_EXISTS=pthread_create   -o CMakeFiles/cmTC_37449.dir/CheckFunctionExists.c.o   -c /usr/share/cmake3/Modules/CheckFunctionExists.c
Linking C executable cmTC_37449
/usr/bin/cmake3 -E cmake_link_script CMakeFiles/cmTC_37449.dir/link.txt --verbose=1
/home/t2k/aspeers/Highland_Installs/HighLAND_2.89/nd280SoftwarePilot/scripts/cc  -DCHECK_FUNCTION_EXISTS=pthread_create    -rdynamic CMakeFiles/cmTC_37449.dir/CheckFunctionExists.c.o  -o cmTC_37449  -lpthread 
gmake[4]: Leaving directory `/home/t2k/aspeers/Highland_Installs/HighLAND_2.89/ROOT_5.34.34.00/Linux-CentOS_7-gcc_4.8-x86_64/tmp_build/CMakeFiles/CMakeTmp'
gmake[3]: Leaving directory `/home/t2k/aspeers/Highland_Installs/HighLAND_2.89/ROOT_5.34.34.00/Linux-CentOS_7-gcc_4.8-x86_64/tmp_build/CMakeFiles/CMakeTmp'



Performing C++ SOURCE FILE Test CXX_HAS_Wno_deprecated_declarations succeeded with the following output:
Change Dir: /home/t2k/aspeers/Highland_Installs/HighLAND_2.89/ROOT_5.34.34.00/Linux-CentOS_7-gcc_4.8-x86_64/tmp_build/CMakeFiles/CMakeTmp

Run Build Command(s):/home/t2k/aspeers/Highland_Installs/HighLAND_2.89/nd280SoftwarePilot/scripts/gmake cmTC_61cab/fast && gmake[3]: Entering directory `/home/t2k/aspeers/Highland_Installs/HighLAND_2.89/ROOT_5.34.34.00/Linux-CentOS_7-gcc_4.8-x86_64/tmp_build/CMakeFiles/CMakeTmp'
/home/t2k/aspeers/Highland_Installs/HighLAND_2.89/nd280SoftwarePilot/scripts/gmake  -f CMakeFiles/cmTC_61cab.dir/build.make CMakeFiles/cmTC_61cab.dir/build
gmake[4]: Entering directory `/home/t2k/aspeers/Highland_Installs/HighLAND_2.89/ROOT_5.34.34.00/Linux-CentOS_7-gcc_4.8-x86_64/tmp_build/CMakeFiles/CMakeTmp'
Building CXX object CMakeFiles/cmTC_61cab.dir/src.cxx.o
/home/t2k/aspeers/Highland_Installs/HighLAND_2.89/nd280SoftwarePilot/scripts/c++    -pipe -m64 -Wall -W -Woverloaded-virtual -fPIC -pthread -DCXX_HAS_Wno_deprecated_declarations   -Wno-deprecated-declarations -o CMakeFiles/cmTC_61cab.dir/src.cxx.o -c /home/t2k/aspeers/Highland_Installs/HighLAND_2.89/ROOT_5.34.34.00/Linux-CentOS_7-gcc_4.8-x86_64/tmp_build/CMakeFiles/CMakeTmp/src.cxx
Linking CXX executable cmTC_61cab
/usr/bin/cmake3 -E cmake_link_script CMakeFiles/cmTC_61cab.dir/link.txt --verbose=1
/home/t2k/aspeers/Highland_Installs/HighLAND_2.89/nd280SoftwarePilot/scripts/c++   -pipe -m64 -Wall -W -Woverloaded-virtual -fPIC -pthread -DCXX_HAS_Wno_deprecated_declarations    -rdynamic CMakeFiles/cmTC_61cab.dir/src.cxx.o  -o cmTC_61cab 
gmake[4]: Leaving directory `/home/t2k/aspeers/Highland_Installs/HighLAND_2.89/ROOT_5.34.34.00/Linux-CentOS_7-gcc_4.8-x86_64/tmp_build/CMakeFiles/CMakeTmp'
gmake[3]: Leaving directory `/home/t2k/aspeers/Highland_Installs/HighLAND_2.89/ROOT_5.34.34.00/Linux-CentOS_7-gcc_4.8-x86_64/tmp_build/CMakeFiles/CMakeTmp'


Source file was:
int main() { return 0;}
Determining if the function XOpenDisplay exists in the /usr/lib64/libX11.so;/usr/lib64/libXext.so passed with the following output:
Change Dir: /home/t2k/aspeers/Highland_Installs/HighLAND_2.89/ROOT_5.34.34.00/Linux-CentOS_7-gcc_4.8-x86_64/tmp_build/CMakeFiles/CMakeTmp

Run Build Command(s):/home/t2k/aspeers/Highland_Installs/HighLAND_2.89/nd280SoftwarePilot/scripts/gmake cmTC_5e71c/fast && gmake[3]: Entering directory `/home/t2k/aspeers/Highland_Installs/HighLAND_2.89/ROOT_5.34.34.00/Linux-CentOS_7-gcc_4.8-x86_64/tmp_build/CMakeFiles/CMakeTmp'
/home/t2k/aspeers/Highland_Installs/HighLAND_2.89/nd280SoftwarePilot/scripts/gmake  -f CMakeFiles/cmTC_5e71c.dir/build.make CMakeFiles/cmTC_5e71c.dir/build
gmake[4]: Entering directory `/home/t2k/aspeers/Highland_Installs/HighLAND_2.89/ROOT_5.34.34.00/Linux-CentOS_7-gcc_4.8-x86_64/tmp_build/CMakeFiles/CMakeTmp'
Building C object CMakeFiles/cmTC_5e71c.dir/CheckFunctionExists.c.o
/home/t2k/aspeers/Highland_Installs/HighLAND_2.89/nd280SoftwarePilot/scripts/cc   -pipe -m64 -Wall -W -fPIC -pthread -DCHECK_FUNCTION_EXISTS=XOpenDisplay   -o CMakeFiles/cmTC_5e71c.dir/CheckFunctionExists.c.o   -c /usr/share/cmake3/Modules/CheckFunctionExists.c
Linking C executable cmTC_5e71c
/usr/bin/cmake3 -E cmake_link_script CMakeFiles/cmTC_5e71c.dir/link.txt --verbose=1
/home/t2k/aspeers/Highland_Installs/HighLAND_2.89/nd280SoftwarePilot/scripts/cc  -pipe -m64 -Wall -W -fPIC -pthread -DCHECK_FUNCTION_EXISTS=XOpenDisplay    -rdynamic CMakeFiles/cmTC_5e71c.dir/CheckFunctionExists.c.o  -o cmTC_5e71c  /usr/lib64/libX11.so /usr/lib64/libXext.so 
gmake[4]: Leaving directory `/home/t2k/aspeers/Highland_Installs/HighLAND_2.89/ROOT_5.34.34.00/Linux-CentOS_7-gcc_4.8-x86_64/tmp_build/CMakeFiles/CMakeTmp'
gmake[3]: Leaving directory `/home/t2k/aspeers/Highland_Installs/HighLAND_2.89/ROOT_5.34.34.00/Linux-CentOS_7-gcc_4.8-x86_64/tmp_build/CMakeFiles/CMakeTmp'



Determining if the function gethostbyname exists passed with the following output:
Change Dir: /home/t2k/aspeers/Highland_Installs/HighLAND_2.89/ROOT_5.34.34.00/Linux-CentOS_7-gcc_4.8-x86_64/tmp_build/CMakeFiles/CMakeTmp

Run Build Command(s):/home/t2k/aspeers/Highland_Installs/HighLAND_2.89/nd280SoftwarePilot/scripts/gmake cmTC_ffc84/fast && gmake[3]: Entering directory `/home/t2k/aspeers/Highland_Installs/HighLAND_2.89/ROOT_5.34.34.00/Linux-CentOS_7-gcc_4.8-x86_64/tmp_build/CMakeFiles/CMakeTmp'
/home/t2k/aspeers/Highland_Installs/HighLAND_2.89/nd280SoftwarePilot/scripts/gmake  -f CMakeFiles/cmTC_ffc84.dir/build.make CMakeFiles/cmTC_ffc84.dir/build
gmake[4]: Entering directory `/home/t2k/aspeers/Highland_Installs/HighLAND_2.89/ROOT_5.34.34.00/Linux-CentOS_7-gcc_4.8-x86_64/tmp_build/CMakeFiles/CMakeTmp'
Building C object CMakeFiles/cmTC_ffc84.dir/CheckFunctionExists.c.o
/home/t2k/aspeers/Highland_Installs/HighLAND_2.89/nd280SoftwarePilot/scripts/cc   -pipe -m64 -Wall -W -fPIC -pthread -DCHECK_FUNCTION_EXISTS=gethostbyname   -o CMakeFiles/cmTC_ffc84.dir/CheckFunctionExists.c.o   -c /usr/share/cmake3/Modules/CheckFunctionExists.c
Linking C executable cmTC_ffc84
/usr/bin/cmake3 -E cmake_link_script CMakeFiles/cmTC_ffc84.dir/link.txt --verbose=1
/home/t2k/aspeers/Highland_Installs/HighLAND_2.89/nd280SoftwarePilot/scripts/cc  -pipe -m64 -Wall -W -fPIC -pthread -DCHECK_FUNCTION_EXISTS=gethostbyname    -rdynamic CMakeFiles/cmTC_ffc84.dir/CheckFunctionExists.c.o  -o cmTC_ffc84 
gmake[4]: Leaving directory `/home/t2k/aspeers/Highland_Installs/HighLAND_2.89/ROOT_5.34.34.00/Linux-CentOS_7-gcc_4.8-x86_64/tmp_build/CMakeFiles/CMakeTmp'
gmake[3]: Leaving directory `/home/t2k/aspeers/Highland_Installs/HighLAND_2.89/ROOT_5.34.34.00/Linux-CentOS_7-gcc_4.8-x86_64/tmp_build/CMakeFiles/CMakeTmp'



Determining if the function connect exists passed with the following output:
Change Dir: /home/t2k/aspeers/Highland_Installs/HighLAND_2.89/ROOT_5.34.34.00/Linux-CentOS_7-gcc_4.8-x86_64/tmp_build/CMakeFiles/CMakeTmp

Run Build Command(s):/home/t2k/aspeers/Highland_Installs/HighLAND_2.89/nd280SoftwarePilot/scripts/gmake cmTC_3526a/fast && gmake[3]: Entering directory `/home/t2k/aspeers/Highland_Installs/HighLAND_2.89/ROOT_5.34.34.00/Linux-CentOS_7-gcc_4.8-x86_64/tmp_build/CMakeFiles/CMakeTmp'
/home/t2k/aspeers/Highland_Installs/HighLAND_2.89/nd280SoftwarePilot/scripts/gmake  -f CMakeFiles/cmTC_3526a.dir/build.make CMakeFiles/cmTC_3526a.dir/build
gmake[4]: Entering directory `/home/t2k/aspeers/Highland_Installs/HighLAND_2.89/ROOT_5.34.34.00/Linux-CentOS_7-gcc_4.8-x86_64/tmp_build/CMakeFiles/CMakeTmp'
Building C object CMakeFiles/cmTC_3526a.dir/CheckFunctionExists.c.o
/home/t2k/aspeers/Highland_Installs/HighLAND_2.89/nd280SoftwarePilot/scripts/cc   -pipe -m64 -Wall -W -fPIC -pthread -DCHECK_FUNCTION_EXISTS=connect   -o CMakeFiles/cmTC_3526a.dir/CheckFunctionExists.c.o   -c /usr/share/cmake3/Modules/CheckFunctionExists.c
Linking C executable cmTC_3526a
/usr/bin/cmake3 -E cmake_link_script CMakeFiles/cmTC_3526a.dir/link.txt --verbose=1
/home/t2k/aspeers/Highland_Installs/HighLAND_2.89/nd280SoftwarePilot/scripts/cc  -pipe -m64 -Wall -W -fPIC -pthread -DCHECK_FUNCTION_EXISTS=connect    -rdynamic CMakeFiles/cmTC_3526a.dir/CheckFunctionExists.c.o  -o cmTC_3526a 
gmake[4]: Leaving directory `/home/t2k/aspeers/Highland_Installs/HighLAND_2.89/ROOT_5.34.34.00/Linux-CentOS_7-gcc_4.8-x86_64/tmp_build/CMakeFiles/CMakeTmp'
gmake[3]: Leaving directory `/home/t2k/aspeers/Highland_Installs/HighLAND_2.89/ROOT_5.34.34.00/Linux-CentOS_7-gcc_4.8-x86_64/tmp_build/CMakeFiles/CMakeTmp'



Determining if the function remove exists passed with the following output:
Change Dir: /home/t2k/aspeers/Highland_Installs/HighLAND_2.89/ROOT_5.34.34.00/Linux-CentOS_7-gcc_4.8-x86_64/tmp_build/CMakeFiles/CMakeTmp

Run Build Command(s):/home/t2k/aspeers/Highland_Installs/HighLAND_2.89/nd280SoftwarePilot/scripts/gmake cmTC_1f788/fast && gmake[3]: Entering directory `/home/t2k/aspeers/Highland_Installs/HighLAND_2.89/ROOT_5.34.34.00/Linux-CentOS_7-gcc_4.8-x86_64/tmp_build/CMakeFiles/CMakeTmp'
/home/t2k/aspeers/Highland_Installs/HighLAND_2.89/nd280SoftwarePilot/scripts/gmake  -f CMakeFiles/cmTC_1f788.dir/build.make CMakeFiles/cmTC_1f788.dir/build
gmake[4]: Entering directory `/home/t2k/aspeers/Highland_Installs/HighLAND_2.89/ROOT_5.34.34.00/Linux-CentOS_7-gcc_4.8-x86_64/tmp_build/CMakeFiles/CMakeTmp'
Building C object CMakeFiles/cmTC_1f788.dir/CheckFunctionExists.c.o
/home/t2k/aspeers/Highland_Installs/HighLAND_2.89/nd280SoftwarePilot/scripts/cc   -pipe -m64 -Wall -W -fPIC -pthread -DCHECK_FUNCTION_EXISTS=remove   -o CMakeFiles/cmTC_1f788.dir/CheckFunctionExists.c.o   -c /usr/share/cmake3/Modules/CheckFunctionExists.c
Linking C executable cmTC_1f788
/usr/bin/cmake3 -E cmake_link_script CMakeFiles/cmTC_1f788.dir/link.txt --verbose=1
/home/t2k/aspeers/Highland_Installs/HighLAND_2.89/nd280SoftwarePilot/scripts/cc  -pipe -m64 -Wall -W -fPIC -pthread -DCHECK_FUNCTION_EXISTS=remove    -rdynamic CMakeFiles/cmTC_1f788.dir/CheckFunctionExists.c.o  -o cmTC_1f788 
gmake[4]: Leaving directory `/home/t2k/aspeers/Highland_Installs/HighLAND_2.89/ROOT_5.34.34.00/Linux-CentOS_7-gcc_4.8-x86_64/tmp_build/CMakeFiles/CMakeTmp'
gmake[3]: Leaving directory `/home/t2k/aspeers/Highland_Installs/HighLAND_2.89/ROOT_5.34.34.00/Linux-CentOS_7-gcc_4.8-x86_64/tmp_build/CMakeFiles/CMakeTmp'



Determining if the function shmat exists passed with the following output:
Change Dir: /home/t2k/aspeers/Highland_Installs/HighLAND_2.89/ROOT_5.34.34.00/Linux-CentOS_7-gcc_4.8-x86_64/tmp_build/CMakeFiles/CMakeTmp

Run Build Command(s):/home/t2k/aspeers/Highland_Installs/HighLAND_2.89/nd280SoftwarePilot/scripts/gmake cmTC_fba07/fast && gmake[3]: Entering directory `/home/t2k/aspeers/Highland_Installs/HighLAND_2.89/ROOT_5.34.34.00/Linux-CentOS_7-gcc_4.8-x86_64/tmp_build/CMakeFiles/CMakeTmp'
/home/t2k/aspeers/Highland_Installs/HighLAND_2.89/nd280SoftwarePilot/scripts/gmake  -f CMakeFiles/cmTC_fba07.dir/build.make CMakeFiles/cmTC_fba07.dir/build
gmake[4]: Entering directory `/home/t2k/aspeers/Highland_Installs/HighLAND_2.89/ROOT_5.34.34.00/Linux-CentOS_7-gcc_4.8-x86_64/tmp_build/CMakeFiles/CMakeTmp'
Building C object CMakeFiles/cmTC_fba07.dir/CheckFunctionExists.c.o
/home/t2k/aspeers/Highland_Installs/HighLAND_2.89/nd280SoftwarePilot/scripts/cc   -pipe -m64 -Wall -W -fPIC -pthread -DCHECK_FUNCTION_EXISTS=shmat   -o CMakeFiles/cmTC_fba07.dir/CheckFunctionExists.c.o   -c /usr/share/cmake3/Modules/CheckFunctionExists.c
Linking C executable cmTC_fba07
/usr/bin/cmake3 -E cmake_link_script CMakeFiles/cmTC_fba07.dir/link.txt --verbose=1
/home/t2k/aspeers/Highland_Installs/HighLAND_2.89/nd280SoftwarePilot/scripts/cc  -pipe -m64 -Wall -W -fPIC -pthread -DCHECK_FUNCTION_EXISTS=shmat    -rdynamic CMakeFiles/cmTC_fba07.dir/CheckFunctionExists.c.o  -o cmTC_fba07 
gmake[4]: Leaving directory `/home/t2k/aspeers/Highland_Installs/HighLAND_2.89/ROOT_5.34.34.00/Linux-CentOS_7-gcc_4.8-x86_64/tmp_build/CMakeFiles/CMakeTmp'
gmake[3]: Leaving directory `/home/t2k/aspeers/Highland_Installs/HighLAND_2.89/ROOT_5.34.34.00/Linux-CentOS_7-gcc_4.8-x86_64/tmp_build/CMakeFiles/CMakeTmp'



Determining if the function IceConnectionNumber exists in the ICE passed with the following output:
Change Dir: /home/t2k/aspeers/Highland_Installs/HighLAND_2.89/ROOT_5.34.34.00/Linux-CentOS_7-gcc_4.8-x86_64/tmp_build/CMakeFiles/CMakeTmp

Run Build Command(s):/home/t2k/aspeers/Highland_Installs/HighLAND_2.89/nd280SoftwarePilot/scripts/gmake cmTC_80a0b/fast && gmake[3]: Entering directory `/home/t2k/aspeers/Highland_Installs/HighLAND_2.89/ROOT_5.34.34.00/Linux-CentOS_7-gcc_4.8-x86_64/tmp_build/CMakeFiles/CMakeTmp'
/home/t2k/aspeers/Highland_Installs/HighLAND_2.89/nd280SoftwarePilot/scripts/gmake  -f CMakeFiles/cmTC_80a0b.dir/build.make CMakeFiles/cmTC_80a0b.dir/build
gmake[4]: Entering directory `/home/t2k/aspeers/Highland_Installs/HighLAND_2.89/ROOT_5.34.34.00/Linux-CentOS_7-gcc_4.8-x86_64/tmp_build/CMakeFiles/CMakeTmp'
Building C object CMakeFiles/cmTC_80a0b.dir/CheckFunctionExists.c.o
/home/t2k/aspeers/Highland_Installs/HighLAND_2.89/nd280SoftwarePilot/scripts/cc   -pipe -m64 -Wall -W -fPIC -pthread -DCHECK_FUNCTION_EXISTS=IceConnectionNumber   -o CMakeFiles/cmTC_80a0b.dir/CheckFunctionExists.c.o   -c /usr/share/cmake3/Modules/CheckFunctionExists.c
Linking C executable cmTC_80a0b
/usr/bin/cmake3 -E cmake_link_script CMakeFiles/cmTC_80a0b.dir/link.txt --verbose=1
/home/t2k/aspeers/Highland_Installs/HighLAND_2.89/nd280SoftwarePilot/scripts/cc  -pipe -m64 -Wall -W -fPIC -pthread -DCHECK_FUNCTION_EXISTS=IceConnectionNumber    -rdynamic CMakeFiles/cmTC_80a0b.dir/CheckFunctionExists.c.o  -o cmTC_80a0b  -lICE 
gmake[4]: Leaving directory `/home/t2k/aspeers/Highland_Installs/HighLAND_2.89/ROOT_5.34.34.00/Linux-CentOS_7-gcc_4.8-x86_64/tmp_build/CMakeFiles/CMakeTmp'
gmake[3]: Leaving directory `/home/t2k/aspeers/Highland_Installs/HighLAND_2.89/ROOT_5.34.34.00/Linux-CentOS_7-gcc_4.8-x86_64/tmp_build/CMakeFiles/CMakeTmp'



